2020-05-29 10:29:46.8525|1|INFO|Microsoft.AspNetCore.Hosting.Internal.WebHost|Request starting HTTP/1.1 OPTIONS http://localhost:5205/api/Category/GetCategory   
2020-05-29 10:29:46.9011|4|INFO|Microsoft.AspNetCore.Cors.Infrastructure.CorsService|Policy execution successful. 
2020-05-29 10:29:46.9011|2|INFO|Microsoft.AspNetCore.Hosting.Internal.WebHost|Request finished in 51.9666ms 204  
2020-05-29 10:29:46.9109|1|INFO|Microsoft.AspNetCore.Hosting.Internal.WebHost|Request starting HTTP/1.1 POST http://localhost:5205/api/Category/GetCategory application/json 12 
2020-05-29 10:29:46.9109|4|INFO|Microsoft.AspNetCore.Cors.Infrastructure.CorsService|Policy execution successful. 
2020-05-29 10:29:46.9109|1|INFO|Microsoft.AspNetCore.Mvc.Internal.ControllerActionInvoker|Executing action method uccApiCore2.Controllers.CategoryController.GetCategory (uccApiCore2) with arguments (uccApiCore2.Entities.Category) - ModelState is Valid 
2020-05-29 10:29:47.6181|1|INFO|Microsoft.AspNetCore.Mvc.Internal.ObjectResultExecutor|Executing ObjectResult, writing value Microsoft.AspNetCore.Mvc.ControllerContext. 
2020-05-29 10:29:47.6181|2|INFO|Microsoft.AspNetCore.Mvc.Internal.ControllerActionInvoker|Executed action uccApiCore2.Controllers.CategoryController.GetCategory (uccApiCore2) in 700.2291ms 
2020-05-29 10:29:47.6181|2|INFO|Microsoft.AspNetCore.Hosting.Internal.WebHost|Request finished in 713.806ms 200 application/json; charset=utf-8 
2020-05-29 10:29:47.6390|1|INFO|Microsoft.AspNetCore.Hosting.Internal.WebHost|Request starting HTTP/1.1 OPTIONS http://localhost:5205/api/SubCategory/GetSubcategoryByCatId   
2020-05-29 10:29:47.6676|4|INFO|Microsoft.AspNetCore.Cors.Infrastructure.CorsService|Policy execution successful. 
2020-05-29 10:29:47.6765|1|INFO|Microsoft.AspNetCore.Hosting.Internal.WebHost|Request starting HTTP/1.1 OPTIONS http://localhost:5205/api/SubCategory/GetSubcategoryByCatId   
2020-05-29 10:29:47.6765|1|INFO|Microsoft.AspNetCore.Hosting.Internal.WebHost|Request starting HTTP/1.1 OPTIONS http://localhost:5205/api/SubCategory/GetSubcategoryByCatId   
2020-05-29 10:29:47.6765|1|INFO|Microsoft.AspNetCore.Hosting.Internal.WebHost|Request starting HTTP/1.1 OPTIONS http://localhost:5205/api/SubCategory/GetSubcategoryByCatId   
2020-05-29 10:29:47.6765|2|INFO|Microsoft.AspNetCore.Hosting.Internal.WebHost|Request finished in 47.3587ms 204  
2020-05-29 10:29:47.7233|4|INFO|Microsoft.AspNetCore.Cors.Infrastructure.CorsService|Policy execution successful. 
2020-05-29 10:29:47.7233|4|INFO|Microsoft.AspNetCore.Cors.Infrastructure.CorsService|Policy execution successful. 
2020-05-29 10:29:47.7393|4|INFO|Microsoft.AspNetCore.Cors.Infrastructure.CorsService|Policy execution successful. 
2020-05-29 10:29:47.7393|2|INFO|Microsoft.AspNetCore.Hosting.Internal.WebHost|Request finished in 75.0453ms 204  
2020-05-29 10:29:47.7565|1|INFO|Microsoft.AspNetCore.Hosting.Internal.WebHost|Request starting HTTP/1.1 POST http://localhost:5205/api/SubCategory/GetSubcategoryByCatId application/json 27 
2020-05-29 10:29:47.7565|2|INFO|Microsoft.AspNetCore.Hosting.Internal.WebHost|Request finished in 85.2774ms 204  
2020-05-29 10:29:47.7854|4|INFO|Microsoft.AspNetCore.Cors.Infrastructure.CorsService|Policy execution successful. 
2020-05-29 10:29:47.8106|1|INFO|Microsoft.AspNetCore.Hosting.Internal.WebHost|Request starting HTTP/1.1 POST http://localhost:5205/api/SubCategory/GetSubcategoryByCatId application/json 27 
2020-05-29 10:29:47.8106|2|INFO|Microsoft.AspNetCore.Hosting.Internal.WebHost|Request finished in 139.2921ms 204  
2020-05-29 10:29:47.8202|4|INFO|Microsoft.AspNetCore.Cors.Infrastructure.CorsService|Policy execution successful. 
2020-05-29 10:29:47.8202|1|INFO|Microsoft.AspNetCore.Hosting.Internal.WebHost|Request starting HTTP/1.1 POST http://localhost:5205/api/SubCategory/GetSubcategoryByCatId application/json 27 
2020-05-29 10:29:47.8352|1|INFO|Microsoft.AspNetCore.Mvc.Internal.ControllerActionInvoker|Executing action method uccApiCore2.Controllers.SubCategoryController.GetSubcategoryByCatId (uccApiCore2) with arguments (uccApiCore2.Entities.SubCategory) - ModelState is Valid 
2020-05-29 10:29:47.8621|4|INFO|Microsoft.AspNetCore.Cors.Infrastructure.CorsService|Policy execution successful. 
2020-05-29 10:29:47.9259|1|INFO|Microsoft.AspNetCore.Mvc.Internal.ControllerActionInvoker|Executing action method uccApiCore2.Controllers.SubCategoryController.GetSubcategoryByCatId (uccApiCore2) with arguments (uccApiCore2.Entities.SubCategory) - ModelState is Valid 
2020-05-29 10:29:47.9259|1|INFO|Microsoft.AspNetCore.Hosting.Internal.WebHost|Request starting HTTP/1.1 POST http://localhost:5205/api/SubCategory/GetSubcategoryByCatId application/json 27 
2020-05-29 10:29:47.9259|4|INFO|Microsoft.AspNetCore.Cors.Infrastructure.CorsService|Policy execution successful. 
2020-05-29 10:29:47.9464|1|INFO|Microsoft.AspNetCore.Mvc.Internal.ControllerActionInvoker|Executing action method uccApiCore2.Controllers.SubCategoryController.GetSubcategoryByCatId (uccApiCore2) with arguments (uccApiCore2.Entities.SubCategory) - ModelState is Valid 
2020-05-29 10:29:47.9596|1|INFO|Microsoft.AspNetCore.Mvc.Internal.ControllerActionInvoker|Executing action method uccApiCore2.Controllers.SubCategoryController.GetSubcategoryByCatId (uccApiCore2) with arguments (uccApiCore2.Entities.SubCategory) - ModelState is Valid 
2020-05-29 10:29:47.9731|1|INFO|Microsoft.AspNetCore.Mvc.Internal.ObjectResultExecutor|Executing ObjectResult, writing value Microsoft.AspNetCore.Mvc.ControllerContext. 
2020-05-29 10:29:47.9731|2|INFO|Microsoft.AspNetCore.Mvc.Internal.ControllerActionInvoker|Executed action uccApiCore2.Controllers.SubCategoryController.GetSubcategoryByCatId (uccApiCore2) in 147.0723ms 
2020-05-29 10:29:47.9731|2|INFO|Microsoft.AspNetCore.Hosting.Internal.WebHost|Request finished in 174.352ms 200 application/json; charset=utf-8 
2020-05-29 10:29:48.4206|1|INFO|Microsoft.AspNetCore.Mvc.Internal.ObjectResultExecutor|Executing ObjectResult, writing value Microsoft.AspNetCore.Mvc.ControllerContext. 
2020-05-29 10:29:48.4206|1|INFO|Microsoft.AspNetCore.Mvc.Internal.ObjectResultExecutor|Executing ObjectResult, writing value Microsoft.AspNetCore.Mvc.ControllerContext. 
2020-05-29 10:29:48.4279|2|INFO|Microsoft.AspNetCore.Mvc.Internal.ControllerActionInvoker|Executed action uccApiCore2.Controllers.SubCategoryController.GetSubcategoryByCatId (uccApiCore2) in 502.979ms 
2020-05-29 10:29:48.4279|2|INFO|Microsoft.AspNetCore.Mvc.Internal.ControllerActionInvoker|Executed action uccApiCore2.Controllers.SubCategoryController.GetSubcategoryByCatId (uccApiCore2) in 486.6012ms 
2020-05-29 10:29:48.4430|2|INFO|Microsoft.AspNetCore.Hosting.Internal.WebHost|Request finished in 611.7403ms 200 application/json; charset=utf-8 
2020-05-29 10:29:48.4430|2|INFO|Microsoft.AspNetCore.Hosting.Internal.WebHost|Request finished in 523.2917ms 200 application/json; charset=utf-8 
2020-05-29 10:29:48.8004|1|INFO|Microsoft.AspNetCore.Mvc.Internal.ObjectResultExecutor|Executing ObjectResult, writing value Microsoft.AspNetCore.Mvc.ControllerContext. 
2020-05-29 10:29:48.8032|2|INFO|Microsoft.AspNetCore.Mvc.Internal.ControllerActionInvoker|Executed action uccApiCore2.Controllers.SubCategoryController.GetSubcategoryByCatId (uccApiCore2) in 997.5976ms 
2020-05-29 10:29:48.8032|2|INFO|Microsoft.AspNetCore.Hosting.Internal.WebHost|Request finished in 1050.4709ms 200 application/json; charset=utf-8 
2020-05-29 21:18:45.6588||DEBUG|uccApiCore2.Program|init main 
2020-05-29 21:18:55.2050||INFO|Microsoft.AspNetCore.DataProtection.KeyManagement.XmlKeyManager|User profile is available. Using 'C:\Users\deepak raheja\AppData\Local\ASP.NET\DataProtection-Keys' as key repository and Windows DPAPI to encrypt keys at rest. 
2020-05-29 21:18:57.9673|1|INFO|Microsoft.AspNetCore.Hosting.Internal.WebHost|Request starting HTTP/1.1 GET http://localhost:5205/api/values   
2020-05-29 21:18:57.9673|1|INFO|Microsoft.AspNetCore.Hosting.Internal.WebHost|Request starting HTTP/1.1 DEBUG http://localhost:5205/  0 
2020-05-29 21:18:58.6177|2|INFO|Microsoft.AspNetCore.Hosting.Internal.WebHost|Request finished in 667.8903ms 200  
2020-05-29 21:18:59.0207|2|INFO|Microsoft.AspNetCore.Hosting.Internal.WebHost|Request finished in 1101.5598ms 404  
2020-05-29 21:19:55.7942|1|INFO|Microsoft.AspNetCore.Hosting.Internal.WebHost|Request starting HTTP/1.1 OPTIONS http://localhost:5205/api/Product/GetProductBySubcatecode   
2020-05-29 21:19:55.8219|4|INFO|Microsoft.AspNetCore.Cors.Infrastructure.CorsService|Policy execution successful. 
2020-05-29 21:19:55.8757|2|INFO|Microsoft.AspNetCore.Hosting.Internal.WebHost|Request finished in 81.5082ms 204  
2020-05-29 21:19:55.9105|1|INFO|Microsoft.AspNetCore.Hosting.Internal.WebHost|Request starting HTTP/1.1 POST http://localhost:5205/api/Product/GetProductBySubcatecode application/json 35 
2020-05-29 21:19:55.9703|4|INFO|Microsoft.AspNetCore.Cors.Infrastructure.CorsService|Policy execution successful. 
2020-05-29 21:19:56.0274|1|INFO|Microsoft.AspNetCore.Hosting.Internal.WebHost|Request starting HTTP/1.1 OPTIONS http://localhost:5205/api/Brand/GetBrand   
2020-05-29 21:19:56.3121|4|INFO|Microsoft.AspNetCore.Cors.Infrastructure.CorsService|Policy execution successful. 
2020-05-29 21:19:56.3497|2|INFO|Microsoft.AspNetCore.Hosting.Internal.WebHost|Request finished in 318.5105ms 204  
2020-05-29 21:19:56.3497|1|INFO|Microsoft.AspNetCore.Hosting.Internal.WebHost|Request starting HTTP/1.1 OPTIONS http://localhost:5205/api/SubCategory/GetSideSubcategory   
2020-05-29 21:19:56.3921|1|INFO|Microsoft.AspNetCore.Hosting.Internal.WebHost|Request starting HTTP/1.1 OPTIONS http://localhost:5205/api/Category/GetCategory   
2020-05-29 21:19:56.3921|4|INFO|Microsoft.AspNetCore.Cors.Infrastructure.CorsService|Policy execution successful. 
2020-05-29 21:19:56.4038|1|INFO|Microsoft.AspNetCore.Hosting.Internal.WebHost|Request starting HTTP/1.1 POST http://localhost:5205/api/Brand/GetBrand application/json 12 
2020-05-29 21:19:56.4265|4|INFO|Microsoft.AspNetCore.Cors.Infrastructure.CorsService|Policy execution successful. 
2020-05-29 21:19:56.4423|4|INFO|Microsoft.AspNetCore.Cors.Infrastructure.CorsService|Policy execution successful. 
2020-05-29 21:19:56.4600|2|INFO|Microsoft.AspNetCore.Hosting.Internal.WebHost|Request finished in 69.2283ms 204  
2020-05-29 21:19:56.5762|2|INFO|Microsoft.AspNetCore.Hosting.Internal.WebHost|Request finished in 215.0665ms 204  
2020-05-29 21:19:56.5891|1|INFO|Microsoft.AspNetCore.Hosting.Internal.WebHost|Request starting HTTP/1.1 POST http://localhost:5205/api/Category/GetCategory application/json 12 
2020-05-29 21:19:56.6115|1|INFO|Microsoft.AspNetCore.Hosting.Internal.WebHost|Request starting HTTP/1.1 POST http://localhost:5205/api/SubCategory/GetSideSubcategory application/json 24 
2020-05-29 21:19:56.6239|4|INFO|Microsoft.AspNetCore.Cors.Infrastructure.CorsService|Policy execution successful. 
2020-05-29 21:19:56.6952|4|INFO|Microsoft.AspNetCore.Cors.Infrastructure.CorsService|Policy execution successful. 
2020-05-29 21:19:58.7223|1|INFO|Microsoft.AspNetCore.Mvc.Internal.ControllerActionInvoker|Executing action method uccApiCore2.Controllers.SubCategoryController.GetSideSubcategory (uccApiCore2) with arguments (uccApiCore2.Entities.SubCategory) - ModelState is Valid 
2020-05-29 21:19:58.7223|1|INFO|Microsoft.AspNetCore.Mvc.Internal.ControllerActionInvoker|Executing action method uccApiCore2.Controllers.CategoryController.GetCategory (uccApiCore2) with arguments (uccApiCore2.Entities.Category) - ModelState is Valid 
2020-05-29 21:19:58.7223|1|INFO|Microsoft.AspNetCore.Mvc.Internal.ControllerActionInvoker|Executing action method uccApiCore2.Controllers.ProductController.GetProductBySubcatecode (uccApiCore2) with arguments (uccApiCore2.Entities.Product) - ModelState is Valid 
2020-05-29 21:19:58.7223|1|INFO|Microsoft.AspNetCore.Mvc.Internal.ControllerActionInvoker|Executing action method uccApiCore2.Controllers.BrandController.GetBrand (uccApiCore2) with arguments (uccApiCore2.Entities.Brand) - ModelState is Valid 
2020-05-29 21:20:01.7552|1|INFO|Microsoft.AspNetCore.Mvc.Internal.ObjectResultExecutor|Executing ObjectResult, writing value Microsoft.AspNetCore.Mvc.ControllerContext. 
2020-05-29 21:20:01.8482|1|INFO|Microsoft.AspNetCore.Mvc.Internal.ObjectResultExecutor|Executing ObjectResult, writing value Microsoft.AspNetCore.Mvc.ControllerContext. 
2020-05-29 21:20:01.8482|1|INFO|Microsoft.AspNetCore.Mvc.Internal.ObjectResultExecutor|Executing ObjectResult, writing value Microsoft.AspNetCore.Mvc.ControllerContext. 
2020-05-29 21:20:02.0483|2|INFO|Microsoft.AspNetCore.Mvc.Internal.ControllerActionInvoker|Executed action uccApiCore2.Controllers.CategoryController.GetCategory (uccApiCore2) in 4769.1612ms 
2020-05-29 21:20:02.0920|2|INFO|Microsoft.AspNetCore.Mvc.Internal.ControllerActionInvoker|Executed action uccApiCore2.Controllers.BrandController.GetBrand (uccApiCore2) in 4827.6208ms 
2020-05-29 21:20:02.0920|2|INFO|Microsoft.AspNetCore.Mvc.Internal.ControllerActionInvoker|Executed action uccApiCore2.Controllers.SubCategoryController.GetSideSubcategory (uccApiCore2) in 4828.8407ms 
2020-05-29 21:20:02.3095|1|INFO|Microsoft.AspNetCore.Mvc.Internal.ObjectResultExecutor|Executing ObjectResult, writing value Microsoft.AspNetCore.Mvc.ControllerContext. 
2020-05-29 21:20:02.3095|2|INFO|Microsoft.AspNetCore.Hosting.Internal.WebHost|Request finished in 5722.0479ms 200 application/json; charset=utf-8 
2020-05-29 21:20:02.3095|2|INFO|Microsoft.AspNetCore.Hosting.Internal.WebHost|Request finished in 5907.4889ms 200 application/json; charset=utf-8 
2020-05-29 21:20:02.3287|2|INFO|Microsoft.AspNetCore.Hosting.Internal.WebHost|Request finished in 5717.2109ms 200 application/json; charset=utf-8 
2020-05-29 21:20:02.3920|1|INFO|Microsoft.AspNetCore.Hosting.Internal.WebHost|Request starting HTTP/1.1 OPTIONS http://localhost:5205/api/SubCategory/GetSubcategoryByCatId   
2020-05-29 21:20:02.4241|4|INFO|Microsoft.AspNetCore.Cors.Infrastructure.CorsService|Policy execution successful. 
2020-05-29 21:20:02.4241|1|INFO|Microsoft.AspNetCore.Hosting.Internal.WebHost|Request starting HTTP/1.1 OPTIONS http://localhost:5205/api/SubCategory/GetSubcategoryByCatId   
2020-05-29 21:20:02.4465|2|INFO|Microsoft.AspNetCore.Hosting.Internal.WebHost|Request finished in 54.4776ms 204  
2020-05-29 21:20:02.4465|4|INFO|Microsoft.AspNetCore.Cors.Infrastructure.CorsService|Policy execution successful. 
2020-05-29 21:20:02.4581|2|INFO|Microsoft.AspNetCore.Hosting.Internal.WebHost|Request finished in 33.9166ms 204  
2020-05-29 21:20:02.4581|1|INFO|Microsoft.AspNetCore.Hosting.Internal.WebHost|Request starting HTTP/1.1 OPTIONS http://localhost:5205/api/SubCategory/GetSubcategoryByCatId   
2020-05-29 21:20:02.4581|1|INFO|Microsoft.AspNetCore.Hosting.Internal.WebHost|Request starting HTTP/1.1 OPTIONS http://localhost:5205/api/SubCategory/GetSubcategoryByCatId   
2020-05-29 21:20:02.4803|4|INFO|Microsoft.AspNetCore.Cors.Infrastructure.CorsService|Policy execution successful. 
2020-05-29 21:20:02.4883|1|INFO|Microsoft.AspNetCore.Hosting.Internal.WebHost|Request starting HTTP/1.1 POST http://localhost:5205/api/SubCategory/GetSubcategoryByCatId application/json 27 
2020-05-29 21:20:02.4883|2|INFO|Microsoft.AspNetCore.Hosting.Internal.WebHost|Request finished in 18.5295ms 204  
2020-05-29 21:20:02.4883|4|INFO|Microsoft.AspNetCore.Cors.Infrastructure.CorsService|Policy execution successful. 
2020-05-29 21:20:02.4883|4|INFO|Microsoft.AspNetCore.Cors.Infrastructure.CorsService|Policy execution successful. 
2020-05-29 21:20:02.5189|2|INFO|Microsoft.AspNetCore.Hosting.Internal.WebHost|Request finished in 48.4634ms 204  
2020-05-29 21:20:02.5189|1|INFO|Microsoft.AspNetCore.Hosting.Internal.WebHost|Request starting HTTP/1.1 POST http://localhost:5205/api/SubCategory/GetSubcategoryByCatId application/json 27 
2020-05-29 21:20:02.5307|4|INFO|Microsoft.AspNetCore.Cors.Infrastructure.CorsService|Policy execution successful. 
2020-05-29 21:20:02.5474|2|INFO|Microsoft.AspNetCore.Mvc.Internal.ControllerActionInvoker|Executed action uccApiCore2.Controllers.ProductController.GetProductBySubcatecode (uccApiCore2) in 5282.1991ms 
2020-05-29 21:20:02.5559|1|INFO|Microsoft.AspNetCore.Hosting.Internal.WebHost|Request starting HTTP/1.1 POST http://localhost:5205/api/SubCategory/GetSubcategoryByCatId application/json 27 
2020-05-29 21:20:02.5559|2|INFO|Microsoft.AspNetCore.Hosting.Internal.WebHost|Request finished in 6645.7606ms 200 application/json; charset=utf-8 
2020-05-29 21:20:02.5672|1|INFO|Microsoft.AspNetCore.Mvc.Internal.ControllerActionInvoker|Executing action method uccApiCore2.Controllers.SubCategoryController.GetSubcategoryByCatId (uccApiCore2) with arguments (uccApiCore2.Entities.SubCategory) - ModelState is Valid 
2020-05-29 21:20:02.5672|1|INFO|Microsoft.AspNetCore.Mvc.Internal.ControllerActionInvoker|Executing action method uccApiCore2.Controllers.SubCategoryController.GetSubcategoryByCatId (uccApiCore2) with arguments (uccApiCore2.Entities.SubCategory) - ModelState is Valid 
2020-05-29 21:20:02.5672|4|INFO|Microsoft.AspNetCore.Cors.Infrastructure.CorsService|Policy execution successful. 
2020-05-29 21:20:02.5954|1|INFO|Microsoft.AspNetCore.Mvc.Internal.ControllerActionInvoker|Executing action method uccApiCore2.Controllers.SubCategoryController.GetSubcategoryByCatId (uccApiCore2) with arguments (uccApiCore2.Entities.SubCategory) - ModelState is Valid 
2020-05-29 21:20:02.6064|1|INFO|Microsoft.AspNetCore.Hosting.Internal.WebHost|Request starting HTTP/1.1 POST http://localhost:5205/api/SubCategory/GetSubcategoryByCatId application/json 27 
2020-05-29 21:20:02.6340|4|INFO|Microsoft.AspNetCore.Cors.Infrastructure.CorsService|Policy execution successful. 
2020-05-29 21:20:02.6564|1|INFO|Microsoft.AspNetCore.Mvc.Internal.ControllerActionInvoker|Executing action method uccApiCore2.Controllers.SubCategoryController.GetSubcategoryByCatId (uccApiCore2) with arguments (uccApiCore2.Entities.SubCategory) - ModelState is Valid 
2020-05-29 21:20:02.6928|1|INFO|Microsoft.AspNetCore.Mvc.Internal.ObjectResultExecutor|Executing ObjectResult, writing value Microsoft.AspNetCore.Mvc.ControllerContext. 
2020-05-29 21:20:02.7077|1|INFO|Microsoft.AspNetCore.Mvc.Internal.ObjectResultExecutor|Executing ObjectResult, writing value Microsoft.AspNetCore.Mvc.ControllerContext. 
2020-05-29 21:20:02.7229|2|INFO|Microsoft.AspNetCore.Mvc.Internal.ControllerActionInvoker|Executed action uccApiCore2.Controllers.SubCategoryController.GetSubcategoryByCatId (uccApiCore2) in 161.0564ms 
2020-05-29 21:20:02.7394|2|INFO|Microsoft.AspNetCore.Mvc.Internal.ControllerActionInvoker|Executed action uccApiCore2.Controllers.SubCategoryController.GetSubcategoryByCatId (uccApiCore2) in 192.5189ms 
2020-05-29 21:20:02.7394|1|INFO|Microsoft.AspNetCore.Mvc.Internal.ObjectResultExecutor|Executing ObjectResult, writing value Microsoft.AspNetCore.Mvc.ControllerContext. 
2020-05-29 21:20:02.7394|2|INFO|Microsoft.AspNetCore.Hosting.Internal.WebHost|Request finished in 232.5686ms 200 application/json; charset=utf-8 
2020-05-29 21:20:02.7587|2|INFO|Microsoft.AspNetCore.Mvc.Internal.ControllerActionInvoker|Executed action uccApiCore2.Controllers.SubCategoryController.GetSubcategoryByCatId (uccApiCore2) in 168.4351ms 
2020-05-29 21:20:02.7891|2|INFO|Microsoft.AspNetCore.Hosting.Internal.WebHost|Request finished in 233.2137ms 200 application/json; charset=utf-8 
2020-05-29 21:20:02.7891|2|INFO|Microsoft.AspNetCore.Hosting.Internal.WebHost|Request finished in 310.5156ms 200 application/json; charset=utf-8 
2020-05-29 21:20:02.8331|1|INFO|Microsoft.AspNetCore.Mvc.Internal.ObjectResultExecutor|Executing ObjectResult, writing value Microsoft.AspNetCore.Mvc.ControllerContext. 
2020-05-29 21:20:02.8331|2|INFO|Microsoft.AspNetCore.Mvc.Internal.ControllerActionInvoker|Executed action uccApiCore2.Controllers.SubCategoryController.GetSubcategoryByCatId (uccApiCore2) in 184.5861ms 
2020-05-29 21:20:02.8331|2|INFO|Microsoft.AspNetCore.Hosting.Internal.WebHost|Request finished in 238.8128ms 200 application/json; charset=utf-8 
2020-05-29 21:38:43.9464|1|INFO|Microsoft.AspNetCore.Hosting.Internal.WebHost|Request starting HTTP/1.1 OPTIONS http://localhost:5205/api/Category/GetCategory   
2020-05-29 21:38:43.9670|4|INFO|Microsoft.AspNetCore.Cors.Infrastructure.CorsService|Policy execution successful. 
2020-05-29 21:38:43.9970|2|INFO|Microsoft.AspNetCore.Hosting.Internal.WebHost|Request finished in 51.0891ms 204  
2020-05-29 21:38:44.0362|1|INFO|Microsoft.AspNetCore.Hosting.Internal.WebHost|Request starting HTTP/1.1 POST http://localhost:5205/api/Category/GetCategory application/json 12 
2020-05-29 21:38:44.2339|4|INFO|Microsoft.AspNetCore.Cors.Infrastructure.CorsService|Policy execution successful. 
2020-05-29 21:38:44.4713|1|INFO|Microsoft.AspNetCore.Mvc.Internal.ControllerActionInvoker|Executing action method uccApiCore2.Controllers.CategoryController.GetCategory (uccApiCore2) with arguments (uccApiCore2.Entities.Category) - ModelState is Valid 
2020-05-29 21:38:45.5021|1|INFO|Microsoft.AspNetCore.Mvc.Internal.ObjectResultExecutor|Executing ObjectResult, writing value Microsoft.AspNetCore.Mvc.ControllerContext. 
2020-05-29 21:38:45.5077|2|INFO|Microsoft.AspNetCore.Mvc.Internal.ControllerActionInvoker|Executed action uccApiCore2.Controllers.CategoryController.GetCategory (uccApiCore2) in 1040.7162ms 
2020-05-29 21:38:45.5077|2|INFO|Microsoft.AspNetCore.Hosting.Internal.WebHost|Request finished in 1478.5571ms 200 application/json; charset=utf-8 
2020-05-29 21:38:45.5460|1|INFO|Microsoft.AspNetCore.Hosting.Internal.WebHost|Request starting HTTP/1.1 OPTIONS http://localhost:5205/api/SubCategory/GetSubcategoryByCatId   
2020-05-29 21:38:45.5529|1|INFO|Microsoft.AspNetCore.Hosting.Internal.WebHost|Request starting HTTP/1.1 OPTIONS http://localhost:5205/api/SubCategory/GetSubcategoryByCatId   
2020-05-29 21:38:45.5529|4|INFO|Microsoft.AspNetCore.Cors.Infrastructure.CorsService|Policy execution successful. 
2020-05-29 21:38:45.5529|4|INFO|Microsoft.AspNetCore.Cors.Infrastructure.CorsService|Policy execution successful. 
2020-05-29 21:38:45.5529|1|INFO|Microsoft.AspNetCore.Hosting.Internal.WebHost|Request starting HTTP/1.1 OPTIONS http://localhost:5205/api/SubCategory/GetSubcategoryByCatId   
2020-05-29 21:38:45.5529|2|INFO|Microsoft.AspNetCore.Hosting.Internal.WebHost|Request finished in 18.3725ms 204  
2020-05-29 21:38:45.5740|2|INFO|Microsoft.AspNetCore.Hosting.Internal.WebHost|Request finished in 21.0444ms 204  
2020-05-29 21:38:45.5529|1|INFO|Microsoft.AspNetCore.Hosting.Internal.WebHost|Request starting HTTP/1.1 OPTIONS http://localhost:5205/api/SubCategory/GetSubcategoryByCatId   
2020-05-29 21:38:45.5740|4|INFO|Microsoft.AspNetCore.Cors.Infrastructure.CorsService|Policy execution successful. 
2020-05-29 21:38:45.5855|2|INFO|Microsoft.AspNetCore.Hosting.Internal.WebHost|Request finished in 22.4901ms 204  
2020-05-29 21:38:45.5855|1|INFO|Microsoft.AspNetCore.Hosting.Internal.WebHost|Request starting HTTP/1.1 POST http://localhost:5205/api/SubCategory/GetSubcategoryByCatId application/json 27 
2020-05-29 21:38:45.6042|4|INFO|Microsoft.AspNetCore.Cors.Infrastructure.CorsService|Policy execution successful. 
2020-05-29 21:38:45.6042|1|INFO|Microsoft.AspNetCore.Hosting.Internal.WebHost|Request starting HTTP/1.1 POST http://localhost:5205/api/SubCategory/GetSubcategoryByCatId application/json 27 
2020-05-29 21:38:45.6165|1|INFO|Microsoft.AspNetCore.Hosting.Internal.WebHost|Request starting HTTP/1.1 POST http://localhost:5205/api/SubCategory/GetSubcategoryByCatId application/json 27 
2020-05-29 21:38:45.6165|4|INFO|Microsoft.AspNetCore.Cors.Infrastructure.CorsService|Policy execution successful. 
2020-05-29 21:38:45.6338|4|INFO|Microsoft.AspNetCore.Cors.Infrastructure.CorsService|Policy execution successful. 
2020-05-29 21:38:45.6621|1|INFO|Microsoft.AspNetCore.Mvc.Internal.ControllerActionInvoker|Executing action method uccApiCore2.Controllers.SubCategoryController.GetSubcategoryByCatId (uccApiCore2) with arguments (uccApiCore2.Entities.SubCategory) - ModelState is Valid 
2020-05-29 21:38:45.6621|1|INFO|Microsoft.AspNetCore.Mvc.Internal.ControllerActionInvoker|Executing action method uccApiCore2.Controllers.SubCategoryController.GetSubcategoryByCatId (uccApiCore2) with arguments (uccApiCore2.Entities.SubCategory) - ModelState is Valid 
2020-05-29 21:38:45.6621|4|INFO|Microsoft.AspNetCore.Cors.Infrastructure.CorsService|Policy execution successful. 
2020-05-29 21:38:45.8004|1|INFO|Microsoft.AspNetCore.Mvc.Internal.ControllerActionInvoker|Executing action method uccApiCore2.Controllers.SubCategoryController.GetSubcategoryByCatId (uccApiCore2) with arguments (uccApiCore2.Entities.SubCategory) - ModelState is Valid 
2020-05-29 21:38:45.8638|2|INFO|Microsoft.AspNetCore.Hosting.Internal.WebHost|Request finished in 297.7732ms 204  
2020-05-29 21:38:46.4648|1|INFO|Microsoft.AspNetCore.Mvc.Internal.ObjectResultExecutor|Executing ObjectResult, writing value Microsoft.AspNetCore.Mvc.ControllerContext. 
2020-05-29 21:38:46.4788|2|INFO|Microsoft.AspNetCore.Mvc.Internal.ControllerActionInvoker|Executed action uccApiCore2.Controllers.SubCategoryController.GetSubcategoryByCatId (uccApiCore2) in 816.573ms 
2020-05-29 21:38:46.5040|2|INFO|Microsoft.AspNetCore.Hosting.Internal.WebHost|Request finished in 895.5123ms 200 application/json; charset=utf-8 
2020-05-29 21:38:46.5041|1|INFO|Microsoft.AspNetCore.Hosting.Internal.WebHost|Request starting HTTP/1.1 POST http://localhost:5205/api/SubCategory/GetSubcategoryByCatId application/json 27 
2020-05-29 21:38:46.5589|4|INFO|Microsoft.AspNetCore.Cors.Infrastructure.CorsService|Policy execution successful. 
2020-05-29 21:38:46.5682|1|INFO|Microsoft.AspNetCore.Mvc.Internal.ControllerActionInvoker|Executing action method uccApiCore2.Controllers.SubCategoryController.GetSubcategoryByCatId (uccApiCore2) with arguments (uccApiCore2.Entities.SubCategory) - ModelState is Valid 
2020-05-29 21:38:46.6988|1|INFO|Microsoft.AspNetCore.Mvc.Internal.ObjectResultExecutor|Executing ObjectResult, writing value Microsoft.AspNetCore.Mvc.ControllerContext. 
2020-05-29 21:38:46.6988|2|INFO|Microsoft.AspNetCore.Mvc.Internal.ControllerActionInvoker|Executed action uccApiCore2.Controllers.SubCategoryController.GetSubcategoryByCatId (uccApiCore2) in 135.0657ms 
2020-05-29 21:38:46.7355|2|INFO|Microsoft.AspNetCore.Hosting.Internal.WebHost|Request finished in 231.4086ms 200 application/json; charset=utf-8 
2020-05-29 21:38:47.0608|1|INFO|Microsoft.AspNetCore.Mvc.Internal.ObjectResultExecutor|Executing ObjectResult, writing value Microsoft.AspNetCore.Mvc.ControllerContext. 
2020-05-29 21:38:47.0608|1|INFO|Microsoft.AspNetCore.Mvc.Internal.ObjectResultExecutor|Executing ObjectResult, writing value Microsoft.AspNetCore.Mvc.ControllerContext. 
2020-05-29 21:38:47.0707|2|INFO|Microsoft.AspNetCore.Mvc.Internal.ControllerActionInvoker|Executed action uccApiCore2.Controllers.SubCategoryController.GetSubcategoryByCatId (uccApiCore2) in 1444.6811ms 
2020-05-29 21:38:47.0954|2|INFO|Microsoft.AspNetCore.Mvc.Internal.ControllerActionInvoker|Executed action uccApiCore2.Controllers.SubCategoryController.GetSubcategoryByCatId (uccApiCore2) in 1296.5127ms 
2020-05-29 21:38:47.0986|2|INFO|Microsoft.AspNetCore.Hosting.Internal.WebHost|Request finished in 1506.6241ms 200 application/json; charset=utf-8 
2020-05-29 21:38:47.0986|2|INFO|Microsoft.AspNetCore.Hosting.Internal.WebHost|Request finished in 1488.5742ms 200 application/json; charset=utf-8 
2020-05-29 21:44:34.5347|1|INFO|Microsoft.AspNetCore.Hosting.Internal.WebHost|Request starting HTTP/1.1 OPTIONS http://localhost:5205/api/Category/GetCategory   
2020-05-29 21:44:34.9483|4|INFO|Microsoft.AspNetCore.Cors.Infrastructure.CorsService|Policy execution successful. 
2020-05-29 21:44:35.4484|2|INFO|Microsoft.AspNetCore.Hosting.Internal.WebHost|Request finished in 913.7599ms 204  
2020-05-29 21:44:35.7846|1|INFO|Microsoft.AspNetCore.Hosting.Internal.WebHost|Request starting HTTP/1.1 POST http://localhost:5205/api/Category/GetCategory application/json 12 
2020-05-29 21:44:35.7908|4|INFO|Microsoft.AspNetCore.Cors.Infrastructure.CorsService|Policy execution successful. 
2020-05-29 21:44:35.7908|1|INFO|Microsoft.AspNetCore.Mvc.Internal.ControllerActionInvoker|Executing action method uccApiCore2.Controllers.CategoryController.GetCategory (uccApiCore2) with arguments (uccApiCore2.Entities.Category) - ModelState is Valid 
2020-05-29 21:44:35.9668|1|INFO|Microsoft.AspNetCore.Mvc.Internal.ObjectResultExecutor|Executing ObjectResult, writing value Microsoft.AspNetCore.Mvc.ControllerContext. 
2020-05-29 21:44:35.9986|2|INFO|Microsoft.AspNetCore.Mvc.Internal.ControllerActionInvoker|Executed action uccApiCore2.Controllers.CategoryController.GetCategory (uccApiCore2) in 202.8976ms 
2020-05-29 21:44:36.0982|2|INFO|Microsoft.AspNetCore.Hosting.Internal.WebHost|Request finished in 313.6265ms 200 application/json; charset=utf-8 
2020-05-29 21:44:36.1683|1|INFO|Microsoft.AspNetCore.Hosting.Internal.WebHost|Request starting HTTP/1.1 OPTIONS http://localhost:5205/api/SubCategory/GetSubcategoryByCatId   
2020-05-29 21:44:36.1683|1|INFO|Microsoft.AspNetCore.Hosting.Internal.WebHost|Request starting HTTP/1.1 OPTIONS http://localhost:5205/api/SubCategory/GetSubcategoryByCatId   
2020-05-29 21:44:36.1826|4|INFO|Microsoft.AspNetCore.Cors.Infrastructure.CorsService|Policy execution successful. 
2020-05-29 21:44:36.1826|4|INFO|Microsoft.AspNetCore.Cors.Infrastructure.CorsService|Policy execution successful. 
2020-05-29 21:44:36.1826|1|INFO|Microsoft.AspNetCore.Hosting.Internal.WebHost|Request starting HTTP/1.1 OPTIONS http://localhost:5205/api/SubCategory/GetSubcategoryByCatId   
2020-05-29 21:44:36.2164|2|INFO|Microsoft.AspNetCore.Hosting.Internal.WebHost|Request finished in 69.0954ms 204  
2020-05-29 21:44:36.2273|4|INFO|Microsoft.AspNetCore.Cors.Infrastructure.CorsService|Policy execution successful. 
2020-05-29 21:44:36.2273|2|INFO|Microsoft.AspNetCore.Hosting.Internal.WebHost|Request finished in 45.6038ms 204  
2020-05-29 21:44:36.2663|2|INFO|Microsoft.AspNetCore.Hosting.Internal.WebHost|Request finished in 90.7346ms 204  
2020-05-29 21:44:36.2858|1|INFO|Microsoft.AspNetCore.Hosting.Internal.WebHost|Request starting HTTP/1.1 POST http://localhost:5205/api/SubCategory/GetSubcategoryByCatId application/json 27 
2020-05-29 21:44:36.2858|4|INFO|Microsoft.AspNetCore.Cors.Infrastructure.CorsService|Policy execution successful. 
2020-05-29 21:44:36.3081|1|INFO|Microsoft.AspNetCore.Hosting.Internal.WebHost|Request starting HTTP/1.1 POST http://localhost:5205/api/SubCategory/GetSubcategoryByCatId application/json 27 
2020-05-29 21:44:36.3081|1|INFO|Microsoft.AspNetCore.Hosting.Internal.WebHost|Request starting HTTP/1.1 OPTIONS http://localhost:5205/api/SubCategory/GetSubcategoryByCatId   
2020-05-29 21:44:36.3159|4|INFO|Microsoft.AspNetCore.Cors.Infrastructure.CorsService|Policy execution successful. 
2020-05-29 21:44:36.3159|1|INFO|Microsoft.AspNetCore.Mvc.Internal.ControllerActionInvoker|Executing action method uccApiCore2.Controllers.SubCategoryController.GetSubcategoryByCatId (uccApiCore2) with arguments (uccApiCore2.Entities.SubCategory) - ModelState is Valid 
2020-05-29 21:44:36.3159|4|INFO|Microsoft.AspNetCore.Cors.Infrastructure.CorsService|Policy execution successful. 
2020-05-29 21:44:36.3159|1|INFO|Microsoft.AspNetCore.Hosting.Internal.WebHost|Request starting HTTP/1.1 POST http://localhost:5205/api/SubCategory/GetSubcategoryByCatId application/json 27 
2020-05-29 21:44:36.3159|4|INFO|Microsoft.AspNetCore.Cors.Infrastructure.CorsService|Policy execution successful. 
2020-05-29 21:44:36.3342|2|INFO|Microsoft.AspNetCore.Hosting.Internal.WebHost|Request finished in 22.8128ms 204  
2020-05-29 21:44:36.3676|1|INFO|Microsoft.AspNetCore.Mvc.Internal.ControllerActionInvoker|Executing action method uccApiCore2.Controllers.SubCategoryController.GetSubcategoryByCatId (uccApiCore2) with arguments (uccApiCore2.Entities.SubCategory) - ModelState is Valid 
2020-05-29 21:44:36.3950|1|INFO|Microsoft.AspNetCore.Mvc.Internal.ControllerActionInvoker|Executing action method uccApiCore2.Controllers.SubCategoryController.GetSubcategoryByCatId (uccApiCore2) with arguments (uccApiCore2.Entities.SubCategory) - ModelState is Valid 
2020-05-29 21:44:36.3950|1|INFO|Microsoft.AspNetCore.Hosting.Internal.WebHost|Request starting HTTP/1.1 POST http://localhost:5205/api/SubCategory/GetSubcategoryByCatId application/json 27 
2020-05-29 21:44:36.4159|4|INFO|Microsoft.AspNetCore.Cors.Infrastructure.CorsService|Policy execution successful. 
2020-05-29 21:44:36.4429|1|INFO|Microsoft.AspNetCore.Mvc.Internal.ControllerActionInvoker|Executing action method uccApiCore2.Controllers.SubCategoryController.GetSubcategoryByCatId (uccApiCore2) with arguments (uccApiCore2.Entities.SubCategory) - ModelState is Valid 
2020-05-29 21:44:36.4429|1|INFO|Microsoft.AspNetCore.Mvc.Internal.ObjectResultExecutor|Executing ObjectResult, writing value Microsoft.AspNetCore.Mvc.ControllerContext. 
2020-05-29 21:44:37.0102|2|INFO|Microsoft.AspNetCore.Mvc.Internal.ControllerActionInvoker|Executed action uccApiCore2.Controllers.SubCategoryController.GetSubcategoryByCatId (uccApiCore2) in 699.056ms 
2020-05-29 21:44:37.1517|1|INFO|Microsoft.AspNetCore.Mvc.Internal.ObjectResultExecutor|Executing ObjectResult, writing value Microsoft.AspNetCore.Mvc.ControllerContext. 
2020-05-29 21:44:37.1517|1|INFO|Microsoft.AspNetCore.Mvc.Internal.ObjectResultExecutor|Executing ObjectResult, writing value Microsoft.AspNetCore.Mvc.ControllerContext. 
2020-05-29 21:44:37.1517|2|INFO|Microsoft.AspNetCore.Hosting.Internal.WebHost|Request finished in 865.8659ms 200 application/json; charset=utf-8 
2020-05-29 21:44:37.1779|2|INFO|Microsoft.AspNetCore.Mvc.Internal.ControllerActionInvoker|Executed action uccApiCore2.Controllers.SubCategoryController.GetSubcategoryByCatId (uccApiCore2) in 748.3207ms 
2020-05-29 21:44:37.1938|2|INFO|Microsoft.AspNetCore.Mvc.Internal.ControllerActionInvoker|Executed action uccApiCore2.Controllers.SubCategoryController.GetSubcategoryByCatId (uccApiCore2) in 835.0742ms 
2020-05-29 21:44:37.2138|2|INFO|Microsoft.AspNetCore.Hosting.Internal.WebHost|Request finished in 805.0684ms 200 application/json; charset=utf-8 
2020-05-29 21:44:37.2330|2|INFO|Microsoft.AspNetCore.Hosting.Internal.WebHost|Request finished in 924.9021ms 200 application/json; charset=utf-8 
2020-05-29 21:44:37.6320|1|INFO|Microsoft.AspNetCore.Mvc.Internal.ObjectResultExecutor|Executing ObjectResult, writing value Microsoft.AspNetCore.Mvc.ControllerContext. 
2020-05-29 21:44:37.6320|2|INFO|Microsoft.AspNetCore.Mvc.Internal.ControllerActionInvoker|Executed action uccApiCore2.Controllers.SubCategoryController.GetSubcategoryByCatId (uccApiCore2) in 1274.1656ms 
2020-05-29 21:44:37.6479|2|INFO|Microsoft.AspNetCore.Hosting.Internal.WebHost|Request finished in 1323.9648ms 200 application/json; charset=utf-8 
2020-05-29 22:04:59.1082||DEBUG|uccApiCore2.Program|init main 
2020-05-29 22:05:05.3911||INFO|Microsoft.AspNetCore.DataProtection.KeyManagement.XmlKeyManager|User profile is available. Using 'C:\Users\deepak raheja\AppData\Local\ASP.NET\DataProtection-Keys' as key repository and Windows DPAPI to encrypt keys at rest. 
2020-05-29 22:05:08.0164|1|INFO|Microsoft.AspNetCore.Hosting.Internal.WebHost|Request starting HTTP/1.1 GET http://localhost:5205/api/values   
2020-05-29 22:05:08.0164|1|INFO|Microsoft.AspNetCore.Hosting.Internal.WebHost|Request starting HTTP/1.1 DEBUG http://localhost:5205/  0 
2020-05-29 22:05:08.6058|2|INFO|Microsoft.AspNetCore.Hosting.Internal.WebHost|Request finished in 607.5392ms 200  
2020-05-29 22:05:09.3987|2|INFO|Microsoft.AspNetCore.Hosting.Internal.WebHost|Request finished in 1423.1744ms 404  
2020-05-29 22:06:23.4565|1|INFO|Microsoft.AspNetCore.Hosting.Internal.WebHost|Request starting HTTP/1.1 POST http://localhost:5205/api/Product/GetProductById application/json 16 
2020-05-29 22:06:24.7572|1|INFO|Microsoft.AspNetCore.Mvc.Internal.ControllerActionInvoker|Executing action method uccApiCore2.Controllers.ProductController.GetProductById (uccApiCore2) with arguments (uccApiCore2.Entities.Product) - ModelState is Valid 
2020-05-29 22:06:26.8728||ERROR|uccApiCore2.Controllers.ProductController|Something went wrong inside ProductController GetProductById action: @Subcatecode is not a parameter for procedure p_product_selbyId. 
2020-05-29 22:06:26.9818|1|INFO|Microsoft.AspNetCore.Mvc.Internal.ObjectResultExecutor|Executing ObjectResult, writing value Microsoft.AspNetCore.Mvc.ControllerContext. 
2020-05-29 22:06:27.1964|2|INFO|Microsoft.AspNetCore.Mvc.Internal.ControllerActionInvoker|Executed action uccApiCore2.Controllers.ProductController.GetProductById (uccApiCore2) in 3419.4363ms 
2020-05-29 22:06:27.3488|2|INFO|Microsoft.AspNetCore.Hosting.Internal.WebHost|Request finished in 3892.4222ms 204  
2020-05-29 22:07:05.8238|1|INFO|Microsoft.AspNetCore.Hosting.Internal.WebHost|Request starting HTTP/1.1 POST http://localhost:5205/api/Product/GetProductById application/json 16 
2020-05-29 22:07:05.8735|1|INFO|Microsoft.AspNetCore.Mvc.Internal.ControllerActionInvoker|Executing action method uccApiCore2.Controllers.ProductController.GetProductById (uccApiCore2) with arguments (uccApiCore2.Entities.Product) - ModelState is Valid 
2020-05-29 22:07:25.1815||ERROR|uccApiCore2.Controllers.ProductController|Something went wrong inside ProductController GetProductById action: @Subcatecode is not a parameter for procedure p_product_selbyId. 
2020-05-29 22:07:25.2179|1|INFO|Microsoft.AspNetCore.Mvc.Internal.ObjectResultExecutor|Executing ObjectResult, writing value Microsoft.AspNetCore.Mvc.ControllerContext. 
2020-05-29 22:07:25.2332|2|INFO|Microsoft.AspNetCore.Mvc.Internal.ControllerActionInvoker|Executed action uccApiCore2.Controllers.ProductController.GetProductById (uccApiCore2) in 19365.1504ms 
2020-05-29 22:07:25.2461|2|INFO|Microsoft.AspNetCore.Hosting.Internal.WebHost|Request finished in 19422.379ms 204  
2020-05-29 22:08:51.4104||DEBUG|uccApiCore2.Program|init main 
2020-05-29 22:08:56.3267||INFO|Microsoft.AspNetCore.DataProtection.KeyManagement.XmlKeyManager|User profile is available. Using 'C:\Users\deepak raheja\AppData\Local\ASP.NET\DataProtection-Keys' as key repository and Windows DPAPI to encrypt keys at rest. 
2020-05-29 22:08:58.1970|1|INFO|Microsoft.AspNetCore.Hosting.Internal.WebHost|Request starting HTTP/1.1 DEBUG http://localhost:5205/  0 
2020-05-29 22:08:58.1970|1|INFO|Microsoft.AspNetCore.Hosting.Internal.WebHost|Request starting HTTP/1.1 GET http://localhost:5205/api/values   
2020-05-29 22:08:58.7101|2|INFO|Microsoft.AspNetCore.Hosting.Internal.WebHost|Request finished in 534.4832ms 200  
2020-05-29 22:08:59.0388|2|INFO|Microsoft.AspNetCore.Hosting.Internal.WebHost|Request finished in 872.3687ms 404  
2020-05-29 22:10:34.1465|1|INFO|Microsoft.AspNetCore.Hosting.Internal.WebHost|Request starting HTTP/1.1 POST http://localhost:5205/api/Product/GetProductById application/json 16 
2020-05-29 22:10:36.6527|1|INFO|Microsoft.AspNetCore.Mvc.Internal.ControllerActionInvoker|Executing action method uccApiCore2.Controllers.ProductController.GetProductById (uccApiCore2) with arguments (uccApiCore2.Entities.Product) - ModelState is Valid 
2020-05-29 22:10:45.9333|1|INFO|Microsoft.AspNetCore.Mvc.Internal.ObjectResultExecutor|Executing ObjectResult, writing value Microsoft.AspNetCore.Mvc.ControllerContext. 
2020-05-29 22:10:46.0524|2|INFO|Microsoft.AspNetCore.Mvc.Internal.ControllerActionInvoker|Executed action uccApiCore2.Controllers.ProductController.GetProductById (uccApiCore2) in 11278.2853ms 
2020-05-29 22:10:46.0848|2|INFO|Microsoft.AspNetCore.Hosting.Internal.WebHost|Request finished in 11938.43ms 200 application/json; charset=utf-8 
2020-05-29 22:11:55.9805||DEBUG|uccApiCore2.Program|init main 
2020-05-29 22:12:03.8129||INFO|Microsoft.AspNetCore.DataProtection.KeyManagement.XmlKeyManager|User profile is available. Using 'C:\Users\deepak raheja\AppData\Local\ASP.NET\DataProtection-Keys' as key repository and Windows DPAPI to encrypt keys at rest. 
2020-05-29 22:12:06.3174|1|INFO|Microsoft.AspNetCore.Hosting.Internal.WebHost|Request starting HTTP/1.1 DEBUG http://localhost:5205/  0 
2020-05-29 22:12:06.3174|1|INFO|Microsoft.AspNetCore.Hosting.Internal.WebHost|Request starting HTTP/1.1 GET http://localhost:5205/api/values   
2020-05-29 22:12:06.7574|2|INFO|Microsoft.AspNetCore.Hosting.Internal.WebHost|Request finished in 452.3337ms 200  
2020-05-29 22:12:07.3128|2|INFO|Microsoft.AspNetCore.Hosting.Internal.WebHost|Request finished in 1033.9315ms 404  
2020-05-29 22:12:37.2073|1|INFO|Microsoft.AspNetCore.Hosting.Internal.WebHost|Request starting HTTP/1.1 POST http://localhost:5205/api/Product/GetProductById application/json 16 
2020-05-29 22:12:38.8424|1|INFO|Microsoft.AspNetCore.Mvc.Internal.ControllerActionInvoker|Executing action method uccApiCore2.Controllers.ProductController.GetProductById (uccApiCore2) with arguments (uccApiCore2.Entities.Product) - ModelState is Valid 
2020-05-29 22:12:46.9473|1|INFO|Microsoft.AspNetCore.Mvc.Internal.ObjectResultExecutor|Executing ObjectResult, writing value Microsoft.AspNetCore.Mvc.ControllerContext. 
2020-05-29 22:12:47.2322|2|INFO|Microsoft.AspNetCore.Mvc.Internal.ControllerActionInvoker|Executed action uccApiCore2.Controllers.ProductController.GetProductById (uccApiCore2) in 9654.2806ms 
2020-05-29 22:12:47.2809|2|INFO|Microsoft.AspNetCore.Hosting.Internal.WebHost|Request finished in 10073.7237ms 200 application/json; charset=utf-8 
2020-05-29 22:13:00.4852|1|INFO|Microsoft.AspNetCore.Hosting.Internal.WebHost|Request starting HTTP/1.1 POST http://localhost:5205/api/Product/GetProductById application/json 16 
2020-05-29 22:13:00.5181|1|INFO|Microsoft.AspNetCore.Mvc.Internal.ControllerActionInvoker|Executing action method uccApiCore2.Controllers.ProductController.GetProductById (uccApiCore2) with arguments (uccApiCore2.Entities.Product) - ModelState is Valid 
2020-05-29 22:13:39.4474||DEBUG|uccApiCore2.Program|init main 
2020-05-29 22:13:45.4755||INFO|Microsoft.AspNetCore.DataProtection.KeyManagement.XmlKeyManager|User profile is available. Using 'C:\Users\deepak raheja\AppData\Local\ASP.NET\DataProtection-Keys' as key repository and Windows DPAPI to encrypt keys at rest. 
2020-05-29 22:13:48.0673|1|INFO|Microsoft.AspNetCore.Hosting.Internal.WebHost|Request starting HTTP/1.1 GET http://localhost:5205/api/values   
2020-05-29 22:13:48.0673|1|INFO|Microsoft.AspNetCore.Hosting.Internal.WebHost|Request starting HTTP/1.1 DEBUG http://localhost:5205/  0 
2020-05-29 22:13:48.9524|2|INFO|Microsoft.AspNetCore.Hosting.Internal.WebHost|Request finished in 883.3844ms 200  
2020-05-29 22:13:49.5079|2|INFO|Microsoft.AspNetCore.Hosting.Internal.WebHost|Request finished in 1500.112ms 404  
2020-05-29 22:13:58.9067|1|INFO|Microsoft.AspNetCore.Hosting.Internal.WebHost|Request starting HTTP/1.1 POST http://localhost:5205/api/Product/GetProductById application/json 16 
2020-05-29 22:14:00.6523|1|INFO|Microsoft.AspNetCore.Mvc.Internal.ControllerActionInvoker|Executing action method uccApiCore2.Controllers.ProductController.GetProductById (uccApiCore2) with arguments (uccApiCore2.Entities.Product) - ModelState is Valid 
2020-05-29 22:14:09.2089|1|INFO|Microsoft.AspNetCore.Mvc.Internal.ObjectResultExecutor|Executing ObjectResult, writing value Microsoft.AspNetCore.Mvc.ControllerContext. 
2020-05-29 22:14:09.4471|2|INFO|Microsoft.AspNetCore.Mvc.Internal.ControllerActionInvoker|Executed action uccApiCore2.Controllers.ProductController.GetProductById (uccApiCore2) in 10102.4439ms 
2020-05-29 22:14:09.5929|2|INFO|Microsoft.AspNetCore.Hosting.Internal.WebHost|Request finished in 10686.2082ms 200 application/json; charset=utf-8 
2020-05-29 22:20:40.4685|1|INFO|Microsoft.AspNetCore.Hosting.Internal.WebHost|Request starting HTTP/1.1 POST http://localhost:5205/api/Product/GetProductById application/json 16 
2020-05-29 22:20:40.4851|1|INFO|Microsoft.AspNetCore.Mvc.Internal.ControllerActionInvoker|Executing action method uccApiCore2.Controllers.ProductController.GetProductById (uccApiCore2) with arguments (uccApiCore2.Entities.Product) - ModelState is Valid 
2020-05-29 22:20:48.9484|1|INFO|Microsoft.AspNetCore.Mvc.Internal.ObjectResultExecutor|Executing ObjectResult, writing value Microsoft.AspNetCore.Mvc.ControllerContext. 
2020-05-29 22:20:48.9484|2|INFO|Microsoft.AspNetCore.Mvc.Internal.ControllerActionInvoker|Executed action uccApiCore2.Controllers.ProductController.GetProductById (uccApiCore2) in 8471.459ms 
2020-05-29 22:20:48.9484|2|INFO|Microsoft.AspNetCore.Hosting.Internal.WebHost|Request finished in 8487.0725ms 200 application/json; charset=utf-8 
2020-05-29 22:20:54.5474|1|INFO|Microsoft.AspNetCore.Hosting.Internal.WebHost|Request starting HTTP/1.1 POST http://localhost:5205/api/Product/GetProductById application/json 16 
2020-05-29 22:20:54.5526|1|INFO|Microsoft.AspNetCore.Mvc.Internal.ControllerActionInvoker|Executing action method uccApiCore2.Controllers.ProductController.GetProductById (uccApiCore2) with arguments (uccApiCore2.Entities.Product) - ModelState is Valid 
2020-05-29 22:20:54.9194|1|INFO|Microsoft.AspNetCore.Mvc.Internal.ObjectResultExecutor|Executing ObjectResult, writing value Microsoft.AspNetCore.Mvc.ControllerContext. 
2020-05-29 22:20:54.9507|2|INFO|Microsoft.AspNetCore.Mvc.Internal.ControllerActionInvoker|Executed action uccApiCore2.Controllers.ProductController.GetProductById (uccApiCore2) in 399.512ms 
2020-05-29 22:20:54.9654|2|INFO|Microsoft.AspNetCore.Hosting.Internal.WebHost|Request finished in 418.0021ms 200 application/json; charset=utf-8 
2020-05-29 22:21:05.0341|1|INFO|Microsoft.AspNetCore.Hosting.Internal.WebHost|Request starting HTTP/1.1 POST http://localhost:5205/api/Product/GetProductById application/json 16 
2020-05-29 22:21:05.0639|1|INFO|Microsoft.AspNetCore.Mvc.Internal.ControllerActionInvoker|Executing action method uccApiCore2.Controllers.ProductController.GetProductById (uccApiCore2) with arguments (uccApiCore2.Entities.Product) - ModelState is Valid 
2020-05-29 22:21:05.2314|1|INFO|Microsoft.AspNetCore.Mvc.Internal.ObjectResultExecutor|Executing ObjectResult, writing value Microsoft.AspNetCore.Mvc.ControllerContext. 
2020-05-29 22:21:05.2314|2|INFO|Microsoft.AspNetCore.Mvc.Internal.ControllerActionInvoker|Executed action uccApiCore2.Controllers.ProductController.GetProductById (uccApiCore2) in 171.7456ms 
2020-05-29 22:21:05.2481|2|INFO|Microsoft.AspNetCore.Hosting.Internal.WebHost|Request finished in 213.9579ms 200 application/json; charset=utf-8 
2020-05-29 23:07:37.4892|1|INFO|Microsoft.AspNetCore.Hosting.Internal.WebHost|Request starting HTTP/1.1 OPTIONS http://localhost:5205/api/Category/GetCategory   
2020-05-29 23:07:37.5615|4|INFO|Microsoft.AspNetCore.Cors.Infrastructure.CorsService|Policy execution successful. 
2020-05-29 23:07:37.6483|2|INFO|Microsoft.AspNetCore.Hosting.Internal.WebHost|Request finished in 159.9996ms 204  
2020-05-29 23:07:37.6788|1|INFO|Microsoft.AspNetCore.Hosting.Internal.WebHost|Request starting HTTP/1.1 POST http://localhost:5205/api/Category/GetCategory application/json 12 
2020-05-29 23:07:37.6921|4|INFO|Microsoft.AspNetCore.Cors.Infrastructure.CorsService|Policy execution successful. 
2020-05-29 23:07:37.7629|1|INFO|Microsoft.AspNetCore.Mvc.Internal.ControllerActionInvoker|Executing action method uccApiCore2.Controllers.CategoryController.GetCategory (uccApiCore2) with arguments (uccApiCore2.Entities.Category) - ModelState is Valid 
2020-05-29 23:07:38.4518|1|INFO|Microsoft.AspNetCore.Mvc.Internal.ObjectResultExecutor|Executing ObjectResult, writing value Microsoft.AspNetCore.Mvc.ControllerContext. 
2020-05-29 23:07:38.4930|2|INFO|Microsoft.AspNetCore.Mvc.Internal.ControllerActionInvoker|Executed action uccApiCore2.Controllers.CategoryController.GetCategory (uccApiCore2) in 752.9816ms 
2020-05-29 23:07:38.5651|2|INFO|Microsoft.AspNetCore.Hosting.Internal.WebHost|Request finished in 886.3436ms 200 application/json; charset=utf-8 
2020-05-29 23:07:38.7596|1|INFO|Microsoft.AspNetCore.Hosting.Internal.WebHost|Request starting HTTP/1.1 OPTIONS http://localhost:5205/api/SubCategory/GetSubcategoryByCatId   
2020-05-29 23:07:38.7788|1|INFO|Microsoft.AspNetCore.Hosting.Internal.WebHost|Request starting HTTP/1.1 OPTIONS http://localhost:5205/api/SubCategory/GetSubcategoryByCatId   
2020-05-29 23:07:38.7788|4|INFO|Microsoft.AspNetCore.Cors.Infrastructure.CorsService|Policy execution successful. 
2020-05-29 23:07:38.7943|4|INFO|Microsoft.AspNetCore.Cors.Infrastructure.CorsService|Policy execution successful. 
2020-05-29 23:07:38.8128|2|INFO|Microsoft.AspNetCore.Hosting.Internal.WebHost|Request finished in 53.2827ms 204  
2020-05-29 23:07:38.9449|2|INFO|Microsoft.AspNetCore.Hosting.Internal.WebHost|Request finished in 166.1226ms 204  
2020-05-29 23:07:38.9606|1|INFO|Microsoft.AspNetCore.Hosting.Internal.WebHost|Request starting HTTP/1.1 POST http://localhost:5205/api/SubCategory/GetSubcategoryByCatId application/json 27 
2020-05-29 23:07:38.9606|1|INFO|Microsoft.AspNetCore.Hosting.Internal.WebHost|Request starting HTTP/1.1 POST http://localhost:5205/api/SubCategory/GetSubcategoryByCatId application/json 27 
2020-05-29 23:07:38.9741|4|INFO|Microsoft.AspNetCore.Cors.Infrastructure.CorsService|Policy execution successful. 
2020-05-29 23:07:38.9741|4|INFO|Microsoft.AspNetCore.Cors.Infrastructure.CorsService|Policy execution successful. 
2020-05-29 23:07:39.0227|1|INFO|Microsoft.AspNetCore.Mvc.Internal.ControllerActionInvoker|Executing action method uccApiCore2.Controllers.SubCategoryController.GetSubcategoryByCatId (uccApiCore2) with arguments (uccApiCore2.Entities.SubCategory) - ModelState is Valid 
2020-05-29 23:07:39.0227|1|INFO|Microsoft.AspNetCore.Mvc.Internal.ControllerActionInvoker|Executing action method uccApiCore2.Controllers.SubCategoryController.GetSubcategoryByCatId (uccApiCore2) with arguments (uccApiCore2.Entities.SubCategory) - ModelState is Valid 
2020-05-29 23:07:39.0414|1|INFO|Microsoft.AspNetCore.Hosting.Internal.WebHost|Request starting HTTP/1.1 POST http://localhost:5205/api/SubCategory/GetSubcategoryByCatId application/json 27 
2020-05-29 23:07:39.0612|4|INFO|Microsoft.AspNetCore.Cors.Infrastructure.CorsService|Policy execution successful. 
2020-05-29 23:07:39.0764|1|INFO|Microsoft.AspNetCore.Mvc.Internal.ControllerActionInvoker|Executing action method uccApiCore2.Controllers.SubCategoryController.GetSubcategoryByCatId (uccApiCore2) with arguments (uccApiCore2.Entities.SubCategory) - ModelState is Valid 
2020-05-29 23:07:39.0849|1|INFO|Microsoft.AspNetCore.Hosting.Internal.WebHost|Request starting HTTP/1.1 POST http://localhost:5205/api/SubCategory/GetSubcategoryByCatId application/json 27 
2020-05-29 23:07:39.0849|4|INFO|Microsoft.AspNetCore.Cors.Infrastructure.CorsService|Policy execution successful. 
2020-05-29 23:07:39.0849|1|INFO|Microsoft.AspNetCore.Mvc.Internal.ControllerActionInvoker|Executing action method uccApiCore2.Controllers.SubCategoryController.GetSubcategoryByCatId (uccApiCore2) with arguments (uccApiCore2.Entities.SubCategory) - ModelState is Valid 
2020-05-29 23:07:39.2373|1|INFO|Microsoft.AspNetCore.Mvc.Internal.ObjectResultExecutor|Executing ObjectResult, writing value Microsoft.AspNetCore.Mvc.ControllerContext. 
2020-05-29 23:07:39.2557|2|INFO|Microsoft.AspNetCore.Mvc.Internal.ControllerActionInvoker|Executed action uccApiCore2.Controllers.SubCategoryController.GetSubcategoryByCatId (uccApiCore2) in 242.2339ms 
2020-05-29 23:07:39.2557|2|INFO|Microsoft.AspNetCore.Hosting.Internal.WebHost|Request finished in 303.323ms 200 application/json; charset=utf-8 
2020-05-29 23:07:39.7366|1|INFO|Microsoft.AspNetCore.Mvc.Internal.ObjectResultExecutor|Executing ObjectResult, writing value Microsoft.AspNetCore.Mvc.ControllerContext. 
2020-05-29 23:07:39.7403|1|INFO|Microsoft.AspNetCore.Mvc.Internal.ObjectResultExecutor|Executing ObjectResult, writing value Microsoft.AspNetCore.Mvc.ControllerContext. 
2020-05-29 23:07:39.7403|2|INFO|Microsoft.AspNetCore.Mvc.Internal.ControllerActionInvoker|Executed action uccApiCore2.Controllers.SubCategoryController.GetSubcategoryByCatId (uccApiCore2) in 738.8132ms 
2020-05-29 23:07:39.7403|2|INFO|Microsoft.AspNetCore.Mvc.Internal.ControllerActionInvoker|Executed action uccApiCore2.Controllers.SubCategoryController.GetSubcategoryByCatId (uccApiCore2) in 678.088ms 
2020-05-29 23:07:39.7587|2|INFO|Microsoft.AspNetCore.Hosting.Internal.WebHost|Request finished in 798.0513ms 200 application/json; charset=utf-8 
2020-05-29 23:07:39.7587|2|INFO|Microsoft.AspNetCore.Hosting.Internal.WebHost|Request finished in 722.3421ms 200 application/json; charset=utf-8 
2020-05-29 23:07:40.7249|1|INFO|Microsoft.AspNetCore.Mvc.Internal.ObjectResultExecutor|Executing ObjectResult, writing value Microsoft.AspNetCore.Mvc.ControllerContext. 
2020-05-29 23:07:40.7456|2|INFO|Microsoft.AspNetCore.Mvc.Internal.ControllerActionInvoker|Executed action uccApiCore2.Controllers.SubCategoryController.GetSubcategoryByCatId (uccApiCore2) in 1649.3207ms 
2020-05-29 23:07:40.7549|2|INFO|Microsoft.AspNetCore.Hosting.Internal.WebHost|Request finished in 1670.1271ms 200 application/json; charset=utf-8 
