2020-05-30 12:25:50.2914|1|INFO|Microsoft.AspNetCore.Hosting.Internal.WebHost|Request starting HTTP/1.1 OPTIONS http://localhost:5205/api/Category/GetCategory   
2020-05-30 12:25:50.3237|4|INFO|Microsoft.AspNetCore.Cors.Infrastructure.CorsService|Policy execution successful. 
2020-05-30 12:25:50.3237|2|INFO|Microsoft.AspNetCore.Hosting.Internal.WebHost|Request finished in 35.7249ms 204  
2020-05-30 12:25:50.3372|1|INFO|Microsoft.AspNetCore.Hosting.Internal.WebHost|Request starting HTTP/1.1 POST http://localhost:5205/api/Category/GetCategory application/json 12 
2020-05-30 12:25:50.3372|4|INFO|Microsoft.AspNetCore.Cors.Infrastructure.CorsService|Policy execution successful. 
2020-05-30 12:25:50.3372|1|INFO|Microsoft.AspNetCore.Mvc.Internal.ControllerActionInvoker|Executing action method uccApiCore2.Controllers.CategoryController.GetCategory (uccApiCore2) with arguments (uccApiCore2.Entities.Category) - ModelState is Valid 
2020-05-30 12:25:50.9035|1|INFO|Microsoft.AspNetCore.Mvc.Internal.ObjectResultExecutor|Executing ObjectResult, writing value Microsoft.AspNetCore.Mvc.ControllerContext. 
2020-05-30 12:25:50.9035|2|INFO|Microsoft.AspNetCore.Mvc.Internal.ControllerActionInvoker|Executed action uccApiCore2.Controllers.CategoryController.GetCategory (uccApiCore2) in 563.4706ms 
2020-05-30 12:25:50.9354|2|INFO|Microsoft.AspNetCore.Hosting.Internal.WebHost|Request finished in 598.226ms 200 application/json; charset=utf-8 
2020-05-30 12:25:51.3025|1|INFO|Microsoft.AspNetCore.Hosting.Internal.WebHost|Request starting HTTP/1.1 OPTIONS http://localhost:5205/api/SubCategory/GetSubcategoryByCatId   
2020-05-30 12:25:51.3025|4|INFO|Microsoft.AspNetCore.Cors.Infrastructure.CorsService|Policy execution successful. 
2020-05-30 12:25:51.3025|2|INFO|Microsoft.AspNetCore.Hosting.Internal.WebHost|Request finished in 9.5538ms 204  
2020-05-30 12:25:51.3025|1|INFO|Microsoft.AspNetCore.Hosting.Internal.WebHost|Request starting HTTP/1.1 OPTIONS http://localhost:5205/api/SubCategory/GetSubcategoryByCatId   
2020-05-30 12:25:51.3025|1|INFO|Microsoft.AspNetCore.Hosting.Internal.WebHost|Request starting HTTP/1.1 OPTIONS http://localhost:5205/api/SubCategory/GetSubcategoryByCatId   
2020-05-30 12:25:51.3317|1|INFO|Microsoft.AspNetCore.Hosting.Internal.WebHost|Request starting HTTP/1.1 POST http://localhost:5205/api/SubCategory/GetSubcategoryByCatId application/json 27 
2020-05-30 12:25:51.3317|1|INFO|Microsoft.AspNetCore.Hosting.Internal.WebHost|Request starting HTTP/1.1 POST http://localhost:5205/api/SubCategory/GetSubcategoryByCatId application/json 27 
2020-05-30 12:25:51.3317|4|INFO|Microsoft.AspNetCore.Cors.Infrastructure.CorsService|Policy execution successful. 
2020-05-30 12:25:51.3317|4|INFO|Microsoft.AspNetCore.Cors.Infrastructure.CorsService|Policy execution successful. 
2020-05-30 12:25:51.3317|4|INFO|Microsoft.AspNetCore.Cors.Infrastructure.CorsService|Policy execution successful. 
2020-05-30 12:25:51.3507|4|INFO|Microsoft.AspNetCore.Cors.Infrastructure.CorsService|Policy execution successful. 
2020-05-30 12:25:51.3507|2|INFO|Microsoft.AspNetCore.Hosting.Internal.WebHost|Request finished in 47.1853ms 204  
2020-05-30 12:25:51.3507|1|INFO|Microsoft.AspNetCore.Mvc.Internal.ControllerActionInvoker|Executing action method uccApiCore2.Controllers.SubCategoryController.GetSubcategoryByCatId (uccApiCore2) with arguments (uccApiCore2.Entities.SubCategory) - ModelState is Valid 
2020-05-30 12:25:51.3687|2|INFO|Microsoft.AspNetCore.Hosting.Internal.WebHost|Request finished in 54.6066ms 204  
2020-05-30 12:25:51.3687|1|INFO|Microsoft.AspNetCore.Mvc.Internal.ControllerActionInvoker|Executing action method uccApiCore2.Controllers.SubCategoryController.GetSubcategoryByCatId (uccApiCore2) with arguments (uccApiCore2.Entities.SubCategory) - ModelState is Valid 
2020-05-30 12:25:51.3878|1|INFO|Microsoft.AspNetCore.Hosting.Internal.WebHost|Request starting HTTP/1.1 POST http://localhost:5205/api/SubCategory/GetSubcategoryByCatId application/json 27 
2020-05-30 12:25:51.3983|4|INFO|Microsoft.AspNetCore.Cors.Infrastructure.CorsService|Policy execution successful. 
2020-05-30 12:25:51.3983|1|INFO|Microsoft.AspNetCore.Hosting.Internal.WebHost|Request starting HTTP/1.1 POST http://localhost:5205/api/SubCategory/GetSubcategoryByCatId application/json 27 
2020-05-30 12:25:51.4242|4|INFO|Microsoft.AspNetCore.Cors.Infrastructure.CorsService|Policy execution successful. 
2020-05-30 12:25:51.4541|1|INFO|Microsoft.AspNetCore.Mvc.Internal.ControllerActionInvoker|Executing action method uccApiCore2.Controllers.SubCategoryController.GetSubcategoryByCatId (uccApiCore2) with arguments (uccApiCore2.Entities.SubCategory) - ModelState is Valid 
2020-05-30 12:25:51.4541|1|INFO|Microsoft.AspNetCore.Mvc.Internal.ControllerActionInvoker|Executing action method uccApiCore2.Controllers.SubCategoryController.GetSubcategoryByCatId (uccApiCore2) with arguments (uccApiCore2.Entities.SubCategory) - ModelState is Valid 
2020-05-30 12:25:51.5182|1|INFO|Microsoft.AspNetCore.Mvc.Internal.ObjectResultExecutor|Executing ObjectResult, writing value Microsoft.AspNetCore.Mvc.ControllerContext. 
2020-05-30 12:25:51.5272|2|INFO|Microsoft.AspNetCore.Mvc.Internal.ControllerActionInvoker|Executed action uccApiCore2.Controllers.SubCategoryController.GetSubcategoryByCatId (uccApiCore2) in 169.4261ms 
2020-05-30 12:25:51.5541|2|INFO|Microsoft.AspNetCore.Hosting.Internal.WebHost|Request finished in 222.4567ms 200 application/json; charset=utf-8 
2020-05-30 12:25:51.6402|1|INFO|Microsoft.AspNetCore.Mvc.Internal.ObjectResultExecutor|Executing ObjectResult, writing value Microsoft.AspNetCore.Mvc.ControllerContext. 
2020-05-30 12:25:51.6526|2|INFO|Microsoft.AspNetCore.Mvc.Internal.ControllerActionInvoker|Executed action uccApiCore2.Controllers.SubCategoryController.GetSubcategoryByCatId (uccApiCore2) in 220.2311ms 
2020-05-30 12:25:51.6606|2|INFO|Microsoft.AspNetCore.Hosting.Internal.WebHost|Request finished in 272.8496ms 200 application/json; charset=utf-8 
2020-05-30 12:25:51.7351|1|INFO|Microsoft.AspNetCore.Mvc.Internal.ObjectResultExecutor|Executing ObjectResult, writing value Microsoft.AspNetCore.Mvc.ControllerContext. 
2020-05-30 12:25:51.7396|2|INFO|Microsoft.AspNetCore.Mvc.Internal.ControllerActionInvoker|Executed action uccApiCore2.Controllers.SubCategoryController.GetSubcategoryByCatId (uccApiCore2) in 285.5269ms 
2020-05-30 12:25:51.7396|2|INFO|Microsoft.AspNetCore.Hosting.Internal.WebHost|Request finished in 346.8387ms 200 application/json; charset=utf-8 
2020-05-30 12:25:51.9271|1|INFO|Microsoft.AspNetCore.Mvc.Internal.ObjectResultExecutor|Executing ObjectResult, writing value Microsoft.AspNetCore.Mvc.ControllerContext. 
2020-05-30 12:25:51.9271|2|INFO|Microsoft.AspNetCore.Mvc.Internal.ControllerActionInvoker|Executed action uccApiCore2.Controllers.SubCategoryController.GetSubcategoryByCatId (uccApiCore2) in 566.0547ms 
2020-05-30 12:25:51.9271|2|INFO|Microsoft.AspNetCore.Hosting.Internal.WebHost|Request finished in 603.1329ms 200 application/json; charset=utf-8 
2020-05-30 18:35:23.0392||DEBUG|uccApiCore2.Program|init main 
2020-05-30 18:35:24.0788||INFO|Microsoft.AspNetCore.DataProtection.KeyManagement.XmlKeyManager|User profile is available. Using 'C:\Users\deepak raheja\AppData\Local\ASP.NET\DataProtection-Keys' as key repository and Windows DPAPI to encrypt keys at rest. 
2020-05-30 18:35:26.5185|1|INFO|Microsoft.AspNetCore.Hosting.Internal.WebHost|Request starting HTTP/1.1 OPTIONS http://localhost:5205/api/Category/GetCategory   
2020-05-30 18:35:26.6812|4|INFO|Microsoft.AspNetCore.Cors.Infrastructure.CorsService|Policy execution successful. 
2020-05-30 18:35:26.7745|2|INFO|Microsoft.AspNetCore.Hosting.Internal.WebHost|Request finished in 284.9265ms 204  
2020-05-30 18:35:26.8359|1|INFO|Microsoft.AspNetCore.Hosting.Internal.WebHost|Request starting HTTP/1.1 POST http://localhost:5205/api/Category/GetCategory application/json 12 
2020-05-30 18:35:26.8359|4|INFO|Microsoft.AspNetCore.Cors.Infrastructure.CorsService|Policy execution successful. 
2020-05-30 18:35:28.6266|1|INFO|Microsoft.AspNetCore.Mvc.Internal.ControllerActionInvoker|Executing action method uccApiCore2.Controllers.CategoryController.GetCategory (uccApiCore2) with arguments (uccApiCore2.Entities.Category) - ModelState is Valid 
2020-05-30 18:35:30.1461|1|INFO|Microsoft.AspNetCore.Mvc.Internal.ObjectResultExecutor|Executing ObjectResult, writing value Microsoft.AspNetCore.Mvc.ControllerContext. 
2020-05-30 18:35:30.3404|2|INFO|Microsoft.AspNetCore.Mvc.Internal.ControllerActionInvoker|Executed action uccApiCore2.Controllers.CategoryController.GetCategory (uccApiCore2) in 2504.1099ms 
2020-05-30 18:35:30.3793|2|INFO|Microsoft.AspNetCore.Hosting.Internal.WebHost|Request finished in 3543.5151ms 200 application/json; charset=utf-8 
2020-05-30 18:35:30.4553|1|INFO|Microsoft.AspNetCore.Hosting.Internal.WebHost|Request starting HTTP/1.1 OPTIONS http://localhost:5205/api/SubCategory/GetSubcategoryByCatId   
2020-05-30 18:35:30.4553|4|INFO|Microsoft.AspNetCore.Cors.Infrastructure.CorsService|Policy execution successful. 
2020-05-30 18:35:30.4553|2|INFO|Microsoft.AspNetCore.Hosting.Internal.WebHost|Request finished in 1.2411ms 204  
2020-05-30 18:35:30.4602|1|INFO|Microsoft.AspNetCore.Hosting.Internal.WebHost|Request starting HTTP/1.1 POST http://localhost:5205/api/SubCategory/GetSubcategoryByCatId application/json 27 
2020-05-30 18:35:30.4602|4|INFO|Microsoft.AspNetCore.Cors.Infrastructure.CorsService|Policy execution successful. 
2020-05-30 18:35:30.4830|1|INFO|Microsoft.AspNetCore.Mvc.Internal.ControllerActionInvoker|Executing action method uccApiCore2.Controllers.SubCategoryController.GetSubcategoryByCatId (uccApiCore2) with arguments (uccApiCore2.Entities.SubCategory) - ModelState is Valid 
2020-05-30 18:35:30.4904|1|INFO|Microsoft.AspNetCore.Hosting.Internal.WebHost|Request starting HTTP/1.1 POST http://localhost:5205/api/SubCategory/GetSubcategoryByCatId application/json 27 
2020-05-30 18:35:30.4904|4|INFO|Microsoft.AspNetCore.Cors.Infrastructure.CorsService|Policy execution successful. 
2020-05-30 18:35:30.4904|1|INFO|Microsoft.AspNetCore.Mvc.Internal.ControllerActionInvoker|Executing action method uccApiCore2.Controllers.SubCategoryController.GetSubcategoryByCatId (uccApiCore2) with arguments (uccApiCore2.Entities.SubCategory) - ModelState is Valid 
2020-05-30 18:35:30.5090|1|INFO|Microsoft.AspNetCore.Hosting.Internal.WebHost|Request starting HTTP/1.1 POST http://localhost:5205/api/SubCategory/GetSubcategoryByCatId application/json 27 
2020-05-30 18:35:30.5090|4|INFO|Microsoft.AspNetCore.Cors.Infrastructure.CorsService|Policy execution successful. 
2020-05-30 18:35:30.5090|1|INFO|Microsoft.AspNetCore.Mvc.Internal.ControllerActionInvoker|Executing action method uccApiCore2.Controllers.SubCategoryController.GetSubcategoryByCatId (uccApiCore2) with arguments (uccApiCore2.Entities.SubCategory) - ModelState is Valid 
2020-05-30 18:35:30.5090|1|INFO|Microsoft.AspNetCore.Hosting.Internal.WebHost|Request starting HTTP/1.1 POST http://localhost:5205/api/SubCategory/GetSubcategoryByCatId application/json 27 
2020-05-30 18:35:30.5090|4|INFO|Microsoft.AspNetCore.Cors.Infrastructure.CorsService|Policy execution successful. 
2020-05-30 18:35:30.5090|1|INFO|Microsoft.AspNetCore.Mvc.Internal.ControllerActionInvoker|Executing action method uccApiCore2.Controllers.SubCategoryController.GetSubcategoryByCatId (uccApiCore2) with arguments (uccApiCore2.Entities.SubCategory) - ModelState is Valid 
2020-05-30 18:35:30.6157|1|INFO|Microsoft.AspNetCore.Mvc.Internal.ObjectResultExecutor|Executing ObjectResult, writing value Microsoft.AspNetCore.Mvc.ControllerContext. 
2020-05-30 18:35:30.6157|2|INFO|Microsoft.AspNetCore.Mvc.Internal.ControllerActionInvoker|Executed action uccApiCore2.Controllers.SubCategoryController.GetSubcategoryByCatId (uccApiCore2) in 153.2216ms 
2020-05-30 18:35:30.6157|2|INFO|Microsoft.AspNetCore.Hosting.Internal.WebHost|Request finished in 162.7466ms 200 application/json; charset=utf-8 
2020-05-30 18:35:30.9643|1|INFO|Microsoft.AspNetCore.Mvc.Internal.ObjectResultExecutor|Executing ObjectResult, writing value Microsoft.AspNetCore.Mvc.ControllerContext. 
2020-05-30 18:35:30.9643|2|INFO|Microsoft.AspNetCore.Mvc.Internal.ControllerActionInvoker|Executed action uccApiCore2.Controllers.SubCategoryController.GetSubcategoryByCatId (uccApiCore2) in 458.674ms 
2020-05-30 18:35:30.9643|2|INFO|Microsoft.AspNetCore.Hosting.Internal.WebHost|Request finished in 460.9076ms 200 application/json; charset=utf-8 
2020-05-30 18:35:30.9739|1|INFO|Microsoft.AspNetCore.Mvc.Internal.ObjectResultExecutor|Executing ObjectResult, writing value Microsoft.AspNetCore.Mvc.ControllerContext. 
2020-05-30 18:35:30.9739|2|INFO|Microsoft.AspNetCore.Mvc.Internal.ControllerActionInvoker|Executed action uccApiCore2.Controllers.SubCategoryController.GetSubcategoryByCatId (uccApiCore2) in 480.5491ms 
2020-05-30 18:35:30.9739|2|INFO|Microsoft.AspNetCore.Hosting.Internal.WebHost|Request finished in 485.0522ms 200 application/json; charset=utf-8 
2020-05-30 18:35:31.3465|1|INFO|Microsoft.AspNetCore.Mvc.Internal.ObjectResultExecutor|Executing ObjectResult, writing value Microsoft.AspNetCore.Mvc.ControllerContext. 
2020-05-30 18:35:31.3465|2|INFO|Microsoft.AspNetCore.Mvc.Internal.ControllerActionInvoker|Executed action uccApiCore2.Controllers.SubCategoryController.GetSubcategoryByCatId (uccApiCore2) in 828.8718ms 
2020-05-30 18:35:31.3465|2|INFO|Microsoft.AspNetCore.Hosting.Internal.WebHost|Request finished in 830.6683ms 200 application/json; charset=utf-8 
