2020-05-21 23:04:47.6261||DEBUG|uccApiCore2.Program|init main 
2020-05-21 23:05:11.3564||INFO|Microsoft.AspNetCore.DataProtection.KeyManagement.XmlKeyManager|User profile is available. Using 'C:\Users\deepak raheja\AppData\Local\ASP.NET\DataProtection-Keys' as key repository and Windows DPAPI to encrypt keys at rest. 
2020-05-21 23:05:23.9765|1|INFO|Microsoft.AspNetCore.Hosting.Internal.WebHost|Request starting HTTP/1.1 GET http://localhost:5205/api/values   
2020-05-21 23:05:23.9765|1|INFO|Microsoft.AspNetCore.Hosting.Internal.WebHost|Request starting HTTP/1.1 DEBUG http://localhost:5205/  0 
2020-05-21 23:05:23.9765|1|INFO|Microsoft.AspNetCore.Hosting.Internal.WebHost|Request starting HTTP/1.1 POST http://localhost:5205/api/Category/GetCategory application/json 12 
2020-05-21 23:05:25.6710|2|INFO|Microsoft.AspNetCore.Hosting.Internal.WebHost|Request finished in 1750.3632ms 200  
2020-05-21 23:05:26.5339|2|INFO|Microsoft.AspNetCore.Hosting.Internal.WebHost|Request finished in 2621.5725ms 404  
2020-05-21 23:05:30.7007|1|INFO|Microsoft.AspNetCore.Mvc.Internal.ControllerActionInvoker|Executing action method uccApiCore2.Controllers.CategoryController.GetCategory (uccApiCore2) with arguments (uccApiCore2.Entities.Category) - ModelState is Valid 
2020-05-21 23:06:00.7414|22|WARN|Microsoft.AspNetCore.Server.Kestrel|Heartbeat took longer than "00:00:01" at "05/21/2020 17:35:59 +00:00". 
2020-05-21 23:06:27.2377||ERROR|uccApiCore2.Controllers.CategoryController|Something went wrong inside CafeController GetCafeSettingById action: Could not find stored procedure 'p_category_sel'. 
2020-05-21 23:06:27.3215|1|INFO|Microsoft.AspNetCore.Mvc.Internal.ObjectResultExecutor|Executing ObjectResult, writing value Microsoft.AspNetCore.Mvc.ControllerContext. 
2020-05-21 23:06:27.3604|2|INFO|Microsoft.AspNetCore.Mvc.Internal.ControllerActionInvoker|Executed action uccApiCore2.Controllers.CategoryController.GetCategory (uccApiCore2) in 58311.9852ms 
2020-05-21 23:06:27.4018|2|INFO|Microsoft.AspNetCore.Hosting.Internal.WebHost|Request finished in 63495.6472ms 204  
2020-05-21 23:07:34.3467|1|INFO|Microsoft.AspNetCore.Hosting.Internal.WebHost|Request starting HTTP/1.1 POST http://localhost:5205/api/Category/GetCategory application/json 12 
2020-05-21 23:07:34.8406|1|INFO|Microsoft.AspNetCore.Mvc.Internal.ControllerActionInvoker|Executing action method uccApiCore2.Controllers.CategoryController.GetCategory (uccApiCore2) with arguments (uccApiCore2.Entities.Category) - ModelState is Valid 
2020-05-21 23:07:57.4313||ERROR|uccApiCore2.Controllers.CategoryController|Something went wrong inside CafeController GetCafeSettingById action: Could not find stored procedure 'p_category_sel'. 
2020-05-21 23:07:57.5526|1|INFO|Microsoft.AspNetCore.Mvc.Internal.ObjectResultExecutor|Executing ObjectResult, writing value Microsoft.AspNetCore.Mvc.ControllerContext. 
2020-05-21 23:07:57.5526|2|INFO|Microsoft.AspNetCore.Mvc.Internal.ControllerActionInvoker|Executed action uccApiCore2.Controllers.CategoryController.GetCategory (uccApiCore2) in 22921.7183ms 
2020-05-21 23:07:57.5706|2|INFO|Microsoft.AspNetCore.Hosting.Internal.WebHost|Request finished in 23224.4239ms 204  
2020-05-21 23:08:50.4900|1|INFO|Microsoft.AspNetCore.Hosting.Internal.WebHost|Request starting HTTP/1.1 POST http://localhost:5205/api/Category/GetCategory application/json 12 
2020-05-21 23:08:50.6054|1|INFO|Microsoft.AspNetCore.Mvc.Internal.ControllerActionInvoker|Executing action method uccApiCore2.Controllers.CategoryController.GetCategory (uccApiCore2) with arguments (uccApiCore2.Entities.Category) - ModelState is Valid 
2020-05-21 23:08:55.5920||ERROR|uccApiCore2.Controllers.CategoryController|Something went wrong inside CafeController GetCafeSettingById action: Could not find stored procedure 'p_category_sel'. 
2020-05-21 23:08:55.5980|1|INFO|Microsoft.AspNetCore.Mvc.Internal.ObjectResultExecutor|Executing ObjectResult, writing value Microsoft.AspNetCore.Mvc.ControllerContext. 
2020-05-21 23:08:55.5980|2|INFO|Microsoft.AspNetCore.Mvc.Internal.ControllerActionInvoker|Executed action uccApiCore2.Controllers.CategoryController.GetCategory (uccApiCore2) in 5040.2988ms 
2020-05-21 23:08:55.5980|2|INFO|Microsoft.AspNetCore.Hosting.Internal.WebHost|Request finished in 5113.7136ms 204  
2020-05-21 23:10:48.6417||DEBUG|uccApiCore2.Program|init main 
2020-05-21 23:10:53.1566||INFO|Microsoft.AspNetCore.DataProtection.KeyManagement.XmlKeyManager|User profile is available. Using 'C:\Users\deepak raheja\AppData\Local\ASP.NET\DataProtection-Keys' as key repository and Windows DPAPI to encrypt keys at rest. 
2020-05-21 23:10:56.3427|1|INFO|Microsoft.AspNetCore.Hosting.Internal.WebHost|Request starting HTTP/1.1 GET http://localhost:5205/api/values   
2020-05-21 23:10:56.3427|1|INFO|Microsoft.AspNetCore.Hosting.Internal.WebHost|Request starting HTTP/1.1 DEBUG http://localhost:5205/  0 
2020-05-21 23:10:56.9844|2|INFO|Microsoft.AspNetCore.Hosting.Internal.WebHost|Request finished in 716.8389ms 200  
2020-05-21 23:10:57.6867|2|INFO|Microsoft.AspNetCore.Hosting.Internal.WebHost|Request finished in 1438.3353ms 404  
2020-05-21 23:11:05.1769|1|INFO|Microsoft.AspNetCore.Hosting.Internal.WebHost|Request starting HTTP/1.1 POST http://localhost:5205/api/Category/GetCategory application/json 12 
2020-05-21 23:11:09.1434|1|INFO|Microsoft.AspNetCore.Mvc.Internal.ControllerActionInvoker|Executing action method uccApiCore2.Controllers.CategoryController.GetCategory (uccApiCore2) with arguments (uccApiCore2.Entities.Category) - ModelState is Valid 
2020-05-21 23:11:23.2412|1|INFO|Microsoft.AspNetCore.Mvc.Internal.ObjectResultExecutor|Executing ObjectResult, writing value Microsoft.AspNetCore.Mvc.ControllerContext. 
2020-05-21 23:11:23.5961|2|INFO|Microsoft.AspNetCore.Mvc.Internal.ControllerActionInvoker|Executed action uccApiCore2.Controllers.CategoryController.GetCategory (uccApiCore2) in 17200.6784ms 
2020-05-21 23:11:23.7833|2|INFO|Microsoft.AspNetCore.Hosting.Internal.WebHost|Request finished in 18606.4133ms 200 application/json; charset=utf-8 
2020-05-21 23:11:55.2069|1|INFO|Microsoft.AspNetCore.Hosting.Internal.WebHost|Request starting HTTP/1.1 OPTIONS http://localhost:5205/api/Category/GetCategory   
2020-05-21 23:11:55.2291|5|INFO|Microsoft.AspNetCore.Cors.Infrastructure.CorsService|Policy execution failed. 
2020-05-21 23:11:55.2447|6|INFO|Microsoft.AspNetCore.Cors.Infrastructure.CorsService|Request origin http://localhost:4100 does not have permission to access the resource. 
2020-05-21 23:11:55.2543|2|INFO|Microsoft.AspNetCore.Hosting.Internal.WebHost|Request finished in 47.4683ms 204  
2020-05-21 23:12:30.8410|1|INFO|Microsoft.AspNetCore.Hosting.Internal.WebHost|Request starting HTTP/1.1 GET http://localhost:5205/api/Category/GetCategory   
2020-05-21 23:12:30.8626|2|INFO|Microsoft.AspNetCore.Hosting.Internal.WebHost|Request finished in 21.5993ms 404  
2020-05-21 23:12:54.3128|1|INFO|Microsoft.AspNetCore.Hosting.Internal.WebHost|Request starting HTTP/1.1 POST http://localhost:5205/api/Category/GetCategory application/json 12 
2020-05-21 23:12:54.5019|1|INFO|Microsoft.AspNetCore.Mvc.Internal.ControllerActionInvoker|Executing action method uccApiCore2.Controllers.CategoryController.GetCategory (uccApiCore2) with arguments (uccApiCore2.Entities.Category) - ModelState is Valid 
2020-05-21 23:14:09.6256||DEBUG|uccApiCore2.Program|init main 
2020-05-21 23:14:17.9237||INFO|Microsoft.AspNetCore.DataProtection.KeyManagement.XmlKeyManager|User profile is available. Using 'C:\Users\deepak raheja\AppData\Local\ASP.NET\DataProtection-Keys' as key repository and Windows DPAPI to encrypt keys at rest. 
2020-05-21 23:14:22.2458|1|INFO|Microsoft.AspNetCore.Hosting.Internal.WebHost|Request starting HTTP/1.1 DEBUG http://localhost:5205/  0 
2020-05-21 23:14:22.2458|1|INFO|Microsoft.AspNetCore.Hosting.Internal.WebHost|Request starting HTTP/1.1 GET http://localhost:5205/api/values   
2020-05-21 23:14:22.2458|1|INFO|Microsoft.AspNetCore.Hosting.Internal.WebHost|Request starting HTTP/1.1 POST http://localhost:5205/api/Category/GetCategory application/json 12 
2020-05-21 23:14:23.2745|2|INFO|Microsoft.AspNetCore.Hosting.Internal.WebHost|Request finished in 1055.5311ms 200  
2020-05-21 23:14:23.9461|2|INFO|Microsoft.AspNetCore.Hosting.Internal.WebHost|Request finished in 1751.2508ms 404  
2020-05-21 23:14:26.5745|1|INFO|Microsoft.AspNetCore.Mvc.Internal.ControllerActionInvoker|Executing action method uccApiCore2.Controllers.CategoryController.GetCategory (uccApiCore2) with arguments (uccApiCore2.Entities.Category) - ModelState is Valid 
2020-05-21 23:14:28.3211|1|INFO|Microsoft.AspNetCore.Mvc.Internal.ObjectResultExecutor|Executing ObjectResult, writing value Microsoft.AspNetCore.Mvc.ControllerContext. 
2020-05-21 23:14:28.6112|2|INFO|Microsoft.AspNetCore.Mvc.Internal.ControllerActionInvoker|Executed action uccApiCore2.Controllers.CategoryController.GetCategory (uccApiCore2) in 3623.7545ms 
2020-05-21 23:14:28.7784|2|INFO|Microsoft.AspNetCore.Hosting.Internal.WebHost|Request finished in 6583.5595ms 200 application/json; charset=utf-8 
2020-05-21 23:14:36.5081|1|INFO|Microsoft.AspNetCore.Hosting.Internal.WebHost|Request starting HTTP/1.1 POST http://localhost:5205/api/Category/GetCategory application/json 12 
2020-05-21 23:14:36.7156|1|INFO|Microsoft.AspNetCore.Mvc.Internal.ControllerActionInvoker|Executing action method uccApiCore2.Controllers.CategoryController.GetCategory (uccApiCore2) with arguments (uccApiCore2.Entities.Category) - ModelState is Valid 
2020-05-21 23:14:36.7536|1|INFO|Microsoft.AspNetCore.Mvc.Internal.ObjectResultExecutor|Executing ObjectResult, writing value Microsoft.AspNetCore.Mvc.ControllerContext. 
2020-05-21 23:14:36.7536|2|INFO|Microsoft.AspNetCore.Mvc.Internal.ControllerActionInvoker|Executed action uccApiCore2.Controllers.CategoryController.GetCategory (uccApiCore2) in 51.9664ms 
2020-05-21 23:14:36.7695|2|INFO|Microsoft.AspNetCore.Hosting.Internal.WebHost|Request finished in 261.3698ms 200 application/json; charset=utf-8 
2020-05-21 23:14:39.3434|1|INFO|Microsoft.AspNetCore.Hosting.Internal.WebHost|Request starting HTTP/1.1 POST http://localhost:5205/api/Category/GetCategory application/json 12 
2020-05-21 23:14:39.3528|1|INFO|Microsoft.AspNetCore.Mvc.Internal.ControllerActionInvoker|Executing action method uccApiCore2.Controllers.CategoryController.GetCategory (uccApiCore2) with arguments (uccApiCore2.Entities.Category) - ModelState is Valid 
2020-05-21 23:14:39.3641|1|INFO|Microsoft.AspNetCore.Mvc.Internal.ObjectResultExecutor|Executing ObjectResult, writing value Microsoft.AspNetCore.Mvc.ControllerContext. 
2020-05-21 23:14:39.3641|2|INFO|Microsoft.AspNetCore.Mvc.Internal.ControllerActionInvoker|Executed action uccApiCore2.Controllers.CategoryController.GetCategory (uccApiCore2) in 18.3535ms 
2020-05-21 23:14:39.3641|2|INFO|Microsoft.AspNetCore.Hosting.Internal.WebHost|Request finished in 32.1557ms 200 application/json; charset=utf-8 
2020-05-21 23:14:42.3247|1|INFO|Microsoft.AspNetCore.Hosting.Internal.WebHost|Request starting HTTP/1.1 POST http://localhost:5205/api/Category/GetCategory application/json 12 
2020-05-21 23:14:42.3317|1|INFO|Microsoft.AspNetCore.Mvc.Internal.ControllerActionInvoker|Executing action method uccApiCore2.Controllers.CategoryController.GetCategory (uccApiCore2) with arguments (uccApiCore2.Entities.Category) - ModelState is Valid 
2020-05-21 23:14:42.3317|1|INFO|Microsoft.AspNetCore.Mvc.Internal.ObjectResultExecutor|Executing ObjectResult, writing value Microsoft.AspNetCore.Mvc.ControllerContext. 
2020-05-21 23:14:42.3317|2|INFO|Microsoft.AspNetCore.Mvc.Internal.ControllerActionInvoker|Executed action uccApiCore2.Controllers.CategoryController.GetCategory (uccApiCore2) in 11.9279ms 
2020-05-21 23:14:42.3507|2|INFO|Microsoft.AspNetCore.Hosting.Internal.WebHost|Request finished in 26.0227ms 200 application/json; charset=utf-8 
2020-05-21 23:14:43.5415|1|INFO|Microsoft.AspNetCore.Hosting.Internal.WebHost|Request starting HTTP/1.1 POST http://localhost:5205/api/Category/GetCategory application/json 12 
2020-05-21 23:14:43.5519|1|INFO|Microsoft.AspNetCore.Mvc.Internal.ControllerActionInvoker|Executing action method uccApiCore2.Controllers.CategoryController.GetCategory (uccApiCore2) with arguments (uccApiCore2.Entities.Category) - ModelState is Valid 
2020-05-21 23:14:43.5682|1|INFO|Microsoft.AspNetCore.Mvc.Internal.ObjectResultExecutor|Executing ObjectResult, writing value Microsoft.AspNetCore.Mvc.ControllerContext. 
2020-05-21 23:14:43.5682|2|INFO|Microsoft.AspNetCore.Mvc.Internal.ControllerActionInvoker|Executed action uccApiCore2.Controllers.CategoryController.GetCategory (uccApiCore2) in 21.6884ms 
2020-05-21 23:14:43.5808|2|INFO|Microsoft.AspNetCore.Hosting.Internal.WebHost|Request finished in 39.2323ms 200 application/json; charset=utf-8 
2020-05-21 23:14:45.1323|1|INFO|Microsoft.AspNetCore.Hosting.Internal.WebHost|Request starting HTTP/1.1 POST http://localhost:5205/api/Category/GetCategory application/json 12 
2020-05-21 23:14:45.1323|1|INFO|Microsoft.AspNetCore.Mvc.Internal.ControllerActionInvoker|Executing action method uccApiCore2.Controllers.CategoryController.GetCategory (uccApiCore2) with arguments (uccApiCore2.Entities.Category) - ModelState is Valid 
2020-05-21 23:14:45.1457|1|INFO|Microsoft.AspNetCore.Mvc.Internal.ObjectResultExecutor|Executing ObjectResult, writing value Microsoft.AspNetCore.Mvc.ControllerContext. 
2020-05-21 23:14:45.1457|2|INFO|Microsoft.AspNetCore.Mvc.Internal.ControllerActionInvoker|Executed action uccApiCore2.Controllers.CategoryController.GetCategory (uccApiCore2) in 12.1065ms 
2020-05-21 23:14:45.1457|2|INFO|Microsoft.AspNetCore.Hosting.Internal.WebHost|Request finished in 24.0156ms 200 application/json; charset=utf-8 
2020-05-21 23:14:47.8528|1|INFO|Microsoft.AspNetCore.Hosting.Internal.WebHost|Request starting HTTP/1.1 POST http://localhost:5205/api/Category/GetCategory application/json 12 
2020-05-21 23:14:47.8528|1|INFO|Microsoft.AspNetCore.Mvc.Internal.ControllerActionInvoker|Executing action method uccApiCore2.Controllers.CategoryController.GetCategory (uccApiCore2) with arguments (uccApiCore2.Entities.Category) - ModelState is Valid 
2020-05-21 23:14:47.8705|1|INFO|Microsoft.AspNetCore.Mvc.Internal.ObjectResultExecutor|Executing ObjectResult, writing value Microsoft.AspNetCore.Mvc.ControllerContext. 
2020-05-21 23:14:47.8705|2|INFO|Microsoft.AspNetCore.Mvc.Internal.ControllerActionInvoker|Executed action uccApiCore2.Controllers.CategoryController.GetCategory (uccApiCore2) in 16.826ms 
2020-05-21 23:14:47.8950|2|INFO|Microsoft.AspNetCore.Hosting.Internal.WebHost|Request finished in 42.1698ms 200 application/json; charset=utf-8 
2020-05-21 23:14:49.6116|1|INFO|Microsoft.AspNetCore.Hosting.Internal.WebHost|Request starting HTTP/1.1 POST http://localhost:5205/api/Category/GetCategory application/json 12 
2020-05-21 23:14:49.6204|1|INFO|Microsoft.AspNetCore.Mvc.Internal.ControllerActionInvoker|Executing action method uccApiCore2.Controllers.CategoryController.GetCategory (uccApiCore2) with arguments (uccApiCore2.Entities.Category) - ModelState is Valid 
2020-05-21 23:14:49.6204|1|INFO|Microsoft.AspNetCore.Mvc.Internal.ObjectResultExecutor|Executing ObjectResult, writing value Microsoft.AspNetCore.Mvc.ControllerContext. 
2020-05-21 23:14:49.6313|2|INFO|Microsoft.AspNetCore.Mvc.Internal.ControllerActionInvoker|Executed action uccApiCore2.Controllers.CategoryController.GetCategory (uccApiCore2) in 11.3486ms 
2020-05-21 23:14:49.6313|2|INFO|Microsoft.AspNetCore.Hosting.Internal.WebHost|Request finished in 25.0953ms 200 application/json; charset=utf-8 
2020-05-21 23:14:51.2353|1|INFO|Microsoft.AspNetCore.Hosting.Internal.WebHost|Request starting HTTP/1.1 POST http://localhost:5205/api/Category/GetCategory application/json 12 
2020-05-21 23:14:51.2462|1|INFO|Microsoft.AspNetCore.Mvc.Internal.ControllerActionInvoker|Executing action method uccApiCore2.Controllers.CategoryController.GetCategory (uccApiCore2) with arguments (uccApiCore2.Entities.Category) - ModelState is Valid 
2020-05-21 23:14:51.2576|1|INFO|Microsoft.AspNetCore.Mvc.Internal.ObjectResultExecutor|Executing ObjectResult, writing value Microsoft.AspNetCore.Mvc.ControllerContext. 
2020-05-21 23:14:51.2576|2|INFO|Microsoft.AspNetCore.Mvc.Internal.ControllerActionInvoker|Executed action uccApiCore2.Controllers.CategoryController.GetCategory (uccApiCore2) in 27.8636ms 
2020-05-21 23:14:51.2847|2|INFO|Microsoft.AspNetCore.Hosting.Internal.WebHost|Request finished in 49.4028ms 200 application/json; charset=utf-8 
2020-05-21 23:14:53.1504|1|INFO|Microsoft.AspNetCore.Hosting.Internal.WebHost|Request starting HTTP/1.1 POST http://localhost:5205/api/Category/GetCategory application/json 12 
2020-05-21 23:14:53.1504|1|INFO|Microsoft.AspNetCore.Mvc.Internal.ControllerActionInvoker|Executing action method uccApiCore2.Controllers.CategoryController.GetCategory (uccApiCore2) with arguments (uccApiCore2.Entities.Category) - ModelState is Valid 
2020-05-21 23:14:53.1670|1|INFO|Microsoft.AspNetCore.Mvc.Internal.ObjectResultExecutor|Executing ObjectResult, writing value Microsoft.AspNetCore.Mvc.ControllerContext. 
2020-05-21 23:14:53.1670|2|INFO|Microsoft.AspNetCore.Mvc.Internal.ControllerActionInvoker|Executed action uccApiCore2.Controllers.CategoryController.GetCategory (uccApiCore2) in 16.4053ms 
2020-05-21 23:14:53.1784|2|INFO|Microsoft.AspNetCore.Hosting.Internal.WebHost|Request finished in 28.0553ms 200 application/json; charset=utf-8 
2020-05-21 23:15:48.6266|1|INFO|Microsoft.AspNetCore.Hosting.Internal.WebHost|Request starting HTTP/1.1 OPTIONS http://localhost:5205/api/Category/GetCategory   
2020-05-21 23:15:48.8202|5|INFO|Microsoft.AspNetCore.Cors.Infrastructure.CorsService|Policy execution failed. 
2020-05-21 23:15:48.9902|6|INFO|Microsoft.AspNetCore.Cors.Infrastructure.CorsService|Request origin http://localhost:4100 does not have permission to access the resource. 
2020-05-21 23:15:49.0773|2|INFO|Microsoft.AspNetCore.Hosting.Internal.WebHost|Request finished in 452.1674ms 204  
2020-05-21 23:16:10.3650|1|INFO|Microsoft.AspNetCore.Hosting.Internal.WebHost|Request starting HTTP/1.1 OPTIONS http://localhost:5205/api/Category/GetCategory   
2020-05-21 23:16:10.3883|5|INFO|Microsoft.AspNetCore.Cors.Infrastructure.CorsService|Policy execution failed. 
2020-05-21 23:16:10.4688|6|INFO|Microsoft.AspNetCore.Cors.Infrastructure.CorsService|Request origin http://localhost:4100 does not have permission to access the resource. 
2020-05-21 23:16:10.5955|2|INFO|Microsoft.AspNetCore.Hosting.Internal.WebHost|Request finished in 230.7237ms 204  
2020-05-21 23:16:56.4604|1|INFO|Microsoft.AspNetCore.Hosting.Internal.WebHost|Request starting HTTP/1.1 OPTIONS http://localhost:5205/api/Category/GetCategory   
2020-05-21 23:16:56.4908|5|INFO|Microsoft.AspNetCore.Cors.Infrastructure.CorsService|Policy execution failed. 
2020-05-21 23:16:56.5684|6|INFO|Microsoft.AspNetCore.Cors.Infrastructure.CorsService|Request origin http://localhost:4100 does not have permission to access the resource. 
2020-05-21 23:16:56.7363|2|INFO|Microsoft.AspNetCore.Hosting.Internal.WebHost|Request finished in 275.9683ms 204  
2020-05-21 23:22:41.7042||DEBUG|uccApiCore2.Program|init main 
2020-05-21 23:22:58.1362||INFO|Microsoft.AspNetCore.DataProtection.KeyManagement.XmlKeyManager|User profile is available. Using 'C:\Users\deepak raheja\AppData\Local\ASP.NET\DataProtection-Keys' as key repository and Windows DPAPI to encrypt keys at rest. 
2020-05-21 23:23:03.3068|1|INFO|Microsoft.AspNetCore.Hosting.Internal.WebHost|Request starting HTTP/1.1 OPTIONS http://localhost:5205/api/Category/GetCategory   
2020-05-21 23:23:03.3068|1|INFO|Microsoft.AspNetCore.Hosting.Internal.WebHost|Request starting HTTP/1.1 GET http://localhost:5205/api/values   
2020-05-21 23:23:03.3068|1|INFO|Microsoft.AspNetCore.Hosting.Internal.WebHost|Request starting HTTP/1.1 DEBUG http://localhost:5205/  0 
2020-05-21 23:23:04.5115|4|INFO|Microsoft.AspNetCore.Cors.Infrastructure.CorsService|Policy execution successful. 
2020-05-21 23:23:04.8902|2|INFO|Microsoft.AspNetCore.Hosting.Internal.WebHost|Request finished in 1649.4335ms 204  
2020-05-21 23:23:04.8902|2|INFO|Microsoft.AspNetCore.Hosting.Internal.WebHost|Request finished in 1649.4628ms 200  
2020-05-21 23:23:05.5819|1|INFO|Microsoft.AspNetCore.Hosting.Internal.WebHost|Request starting HTTP/1.1 POST http://localhost:5205/api/Category/GetCategory application/json 12 
2020-05-21 23:23:05.5819|4|INFO|Microsoft.AspNetCore.Cors.Infrastructure.CorsService|Policy execution successful. 
2020-05-21 23:23:06.2038|2|INFO|Microsoft.AspNetCore.Hosting.Internal.WebHost|Request finished in 2973.075ms 404  
2020-05-21 23:23:08.5511|1|INFO|Microsoft.AspNetCore.Mvc.Internal.ControllerActionInvoker|Executing action method uccApiCore2.Controllers.CategoryController.GetCategory (uccApiCore2) with arguments (uccApiCore2.Entities.Category) - ModelState is Valid 
2020-05-21 23:23:11.1751|1|INFO|Microsoft.AspNetCore.Mvc.Internal.ObjectResultExecutor|Executing ObjectResult, writing value Microsoft.AspNetCore.Mvc.ControllerContext. 
2020-05-21 23:23:11.5185|2|INFO|Microsoft.AspNetCore.Mvc.Internal.ControllerActionInvoker|Executed action uccApiCore2.Controllers.CategoryController.GetCategory (uccApiCore2) in 4601.6771ms 
2020-05-21 23:23:11.6239|2|INFO|Microsoft.AspNetCore.Hosting.Internal.WebHost|Request finished in 6042.069ms 200 application/json; charset=utf-8 
2020-05-21 23:24:02.3840|1|INFO|Microsoft.AspNetCore.Hosting.Internal.WebHost|Request starting HTTP/1.1 OPTIONS http://localhost:5205/api/Category/GetCategory   
2020-05-21 23:24:02.3840|4|INFO|Microsoft.AspNetCore.Cors.Infrastructure.CorsService|Policy execution successful. 
2020-05-21 23:24:02.4105|2|INFO|Microsoft.AspNetCore.Hosting.Internal.WebHost|Request finished in 26.5652ms 204  
2020-05-21 23:24:02.4105|1|INFO|Microsoft.AspNetCore.Hosting.Internal.WebHost|Request starting HTTP/1.1 POST http://localhost:5205/api/Category/GetCategory application/json 12 
2020-05-21 23:24:02.4278|4|INFO|Microsoft.AspNetCore.Cors.Infrastructure.CorsService|Policy execution successful. 
2020-05-21 23:24:02.4278|1|INFO|Microsoft.AspNetCore.Mvc.Internal.ControllerActionInvoker|Executing action method uccApiCore2.Controllers.CategoryController.GetCategory (uccApiCore2) with arguments (uccApiCore2.Entities.Category) - ModelState is Valid 
2020-05-21 23:24:15.1512|1|INFO|Microsoft.AspNetCore.Mvc.Internal.ObjectResultExecutor|Executing ObjectResult, writing value Microsoft.AspNetCore.Mvc.ControllerContext. 
2020-05-21 23:24:15.1844|2|INFO|Microsoft.AspNetCore.Mvc.Internal.ControllerActionInvoker|Executed action uccApiCore2.Controllers.CategoryController.GetCategory (uccApiCore2) in 12749.1218ms 
2020-05-21 23:24:15.3033|2|INFO|Microsoft.AspNetCore.Hosting.Internal.WebHost|Request finished in 12884.7959ms 200 application/json; charset=utf-8 
2020-05-21 23:24:20.0302|1|INFO|Microsoft.AspNetCore.Hosting.Internal.WebHost|Request starting HTTP/1.1 OPTIONS http://localhost:5205/api/Category/GetCategory   
2020-05-21 23:24:20.0339|4|INFO|Microsoft.AspNetCore.Cors.Infrastructure.CorsService|Policy execution successful. 
2020-05-21 23:24:20.0339|2|INFO|Microsoft.AspNetCore.Hosting.Internal.WebHost|Request finished in 13.2985ms 204  
2020-05-21 23:24:20.0564|1|INFO|Microsoft.AspNetCore.Hosting.Internal.WebHost|Request starting HTTP/1.1 POST http://localhost:5205/api/Category/GetCategory application/json 12 
2020-05-21 23:24:20.0564|4|INFO|Microsoft.AspNetCore.Cors.Infrastructure.CorsService|Policy execution successful. 
2020-05-21 23:24:20.0564|1|INFO|Microsoft.AspNetCore.Mvc.Internal.ControllerActionInvoker|Executing action method uccApiCore2.Controllers.CategoryController.GetCategory (uccApiCore2) with arguments (uccApiCore2.Entities.Category) - ModelState is Valid 
2020-05-21 23:24:20.0747|1|INFO|Microsoft.AspNetCore.Mvc.Internal.ObjectResultExecutor|Executing ObjectResult, writing value Microsoft.AspNetCore.Mvc.ControllerContext. 
2020-05-21 23:24:20.0747|2|INFO|Microsoft.AspNetCore.Mvc.Internal.ControllerActionInvoker|Executed action uccApiCore2.Controllers.CategoryController.GetCategory (uccApiCore2) in 14.1267ms 
2020-05-21 23:24:20.0849|2|INFO|Microsoft.AspNetCore.Hosting.Internal.WebHost|Request finished in 28.5859ms 200 application/json; charset=utf-8 
2020-05-21 23:25:23.4562||DEBUG|uccApiCore2.Program|init main 
2020-05-21 23:25:38.8450||INFO|Microsoft.AspNetCore.DataProtection.KeyManagement.XmlKeyManager|User profile is available. Using 'C:\Users\deepak raheja\AppData\Local\ASP.NET\DataProtection-Keys' as key repository and Windows DPAPI to encrypt keys at rest. 
2020-05-21 23:25:46.1039|1|INFO|Microsoft.AspNetCore.Hosting.Internal.WebHost|Request starting HTTP/1.1 GET http://localhost:5205/api/values   
2020-05-21 23:25:46.1039|1|INFO|Microsoft.AspNetCore.Hosting.Internal.WebHost|Request starting HTTP/1.1 OPTIONS http://localhost:5205/api/Category/GetCategory   
2020-05-21 23:25:46.1039|1|INFO|Microsoft.AspNetCore.Hosting.Internal.WebHost|Request starting HTTP/1.1 DEBUG http://localhost:5205/  0 
2020-05-21 23:25:47.7348|4|INFO|Microsoft.AspNetCore.Cors.Infrastructure.CorsService|Policy execution successful. 
2020-05-21 23:25:48.4913|2|INFO|Microsoft.AspNetCore.Hosting.Internal.WebHost|Request finished in 1930.8867ms 204  
2020-05-21 23:25:48.5373|2|INFO|Microsoft.AspNetCore.Hosting.Internal.WebHost|Request finished in 1930.2281ms 200  
2020-05-21 23:25:48.7721|1|INFO|Microsoft.AspNetCore.Hosting.Internal.WebHost|Request starting HTTP/1.1 POST http://localhost:5205/api/Category/GetCategory application/json 12 
2020-05-21 23:25:48.8509|4|INFO|Microsoft.AspNetCore.Cors.Infrastructure.CorsService|Policy execution successful. 
2020-05-21 23:25:49.2367|2|INFO|Microsoft.AspNetCore.Hosting.Internal.WebHost|Request finished in 3214.8977ms 404  
2020-05-21 23:25:53.6360|1|INFO|Microsoft.AspNetCore.Mvc.Internal.ControllerActionInvoker|Executing action method uccApiCore2.Controllers.CategoryController.GetCategory (uccApiCore2) with arguments (uccApiCore2.Entities.Category) - ModelState is Valid 
2020-05-21 23:25:55.6520|1|INFO|Microsoft.AspNetCore.Mvc.Internal.ObjectResultExecutor|Executing ObjectResult, writing value Microsoft.AspNetCore.Mvc.ControllerContext. 
2020-05-21 23:25:55.9757|2|INFO|Microsoft.AspNetCore.Mvc.Internal.ControllerActionInvoker|Executed action uccApiCore2.Controllers.CategoryController.GetCategory (uccApiCore2) in 5771.3488ms 
2020-05-21 23:25:56.0127|2|INFO|Microsoft.AspNetCore.Hosting.Internal.WebHost|Request finished in 7240.7214ms 200 application/json; charset=utf-8 
2020-05-21 23:27:17.4700|1|INFO|Microsoft.AspNetCore.Hosting.Internal.WebHost|Request starting HTTP/1.1 OPTIONS http://localhost:5205/api/Category/GetCategory   
2020-05-21 23:27:19.3255|4|INFO|Microsoft.AspNetCore.Cors.Infrastructure.CorsService|Policy execution successful. 
2020-05-21 23:27:19.5841|2|INFO|Microsoft.AspNetCore.Hosting.Internal.WebHost|Request finished in 2114.6036ms 204  
2020-05-21 23:27:22.0055|1|INFO|Microsoft.AspNetCore.Hosting.Internal.WebHost|Request starting HTTP/1.1 POST http://localhost:5205/api/Category/GetCategory application/json 12 
2020-05-21 23:27:23.1517|4|INFO|Microsoft.AspNetCore.Cors.Infrastructure.CorsService|Policy execution successful. 
2020-05-21 23:27:24.7205|1|INFO|Microsoft.AspNetCore.Mvc.Internal.ControllerActionInvoker|Executing action method uccApiCore2.Controllers.CategoryController.GetCategory (uccApiCore2) with arguments (uccApiCore2.Entities.Category) - ModelState is Valid 
2020-05-21 23:27:25.0816|1|INFO|Microsoft.AspNetCore.Mvc.Internal.ObjectResultExecutor|Executing ObjectResult, writing value Microsoft.AspNetCore.Mvc.ControllerContext. 
2020-05-21 23:27:25.1439|2|INFO|Microsoft.AspNetCore.Mvc.Internal.ControllerActionInvoker|Executed action uccApiCore2.Controllers.CategoryController.GetCategory (uccApiCore2) in 473.6891ms 
2020-05-21 23:27:25.1817|2|INFO|Microsoft.AspNetCore.Hosting.Internal.WebHost|Request finished in 3176.1728ms 200 application/json; charset=utf-8 
2020-05-21 23:28:00.4151|1|INFO|Microsoft.AspNetCore.Hosting.Internal.WebHost|Request starting HTTP/1.1 OPTIONS http://localhost:5205/api/Category/GetCategory   
2020-05-21 23:28:01.1429|4|INFO|Microsoft.AspNetCore.Cors.Infrastructure.CorsService|Policy execution successful. 
2020-05-21 23:28:01.3965|2|INFO|Microsoft.AspNetCore.Hosting.Internal.WebHost|Request finished in 981.4596ms 204  
2020-05-21 23:28:01.8385|1|INFO|Microsoft.AspNetCore.Hosting.Internal.WebHost|Request starting HTTP/1.1 POST http://localhost:5205/api/Category/GetCategory application/json 12 
2020-05-21 23:28:01.9437|4|INFO|Microsoft.AspNetCore.Cors.Infrastructure.CorsService|Policy execution successful. 
2020-05-21 23:28:02.3894|1|INFO|Microsoft.AspNetCore.Mvc.Internal.ControllerActionInvoker|Executing action method uccApiCore2.Controllers.CategoryController.GetCategory (uccApiCore2) with arguments (uccApiCore2.Entities.Category) - ModelState is Valid 
2020-05-21 23:28:03.3115|1|INFO|Microsoft.AspNetCore.Mvc.Internal.ObjectResultExecutor|Executing ObjectResult, writing value Microsoft.AspNetCore.Mvc.ControllerContext. 
2020-05-21 23:28:03.3308|2|INFO|Microsoft.AspNetCore.Mvc.Internal.ControllerActionInvoker|Executed action uccApiCore2.Controllers.CategoryController.GetCategory (uccApiCore2) in 1005.1068ms 
2020-05-21 23:28:03.6749|2|INFO|Microsoft.AspNetCore.Hosting.Internal.WebHost|Request finished in 1836.3358ms 200 application/json; charset=utf-8 
2020-05-21 23:28:22.8425|1|INFO|Microsoft.AspNetCore.Hosting.Internal.WebHost|Request starting HTTP/1.1 OPTIONS http://localhost:5205/api/Category/GetCategory   
2020-05-21 23:28:22.9753|4|INFO|Microsoft.AspNetCore.Cors.Infrastructure.CorsService|Policy execution successful. 
2020-05-21 23:28:23.1201|2|INFO|Microsoft.AspNetCore.Hosting.Internal.WebHost|Request finished in 277.5642ms 204  
2020-05-21 23:28:24.3220|1|INFO|Microsoft.AspNetCore.Hosting.Internal.WebHost|Request starting HTTP/1.1 POST http://localhost:5205/api/Category/GetCategory application/json 12 
2020-05-21 23:28:24.3737|4|INFO|Microsoft.AspNetCore.Cors.Infrastructure.CorsService|Policy execution successful. 
2020-05-21 23:28:24.5386|1|INFO|Microsoft.AspNetCore.Mvc.Internal.ControllerActionInvoker|Executing action method uccApiCore2.Controllers.CategoryController.GetCategory (uccApiCore2) with arguments (uccApiCore2.Entities.Category) - ModelState is Valid 
2020-05-21 23:28:25.1161|1|INFO|Microsoft.AspNetCore.Mvc.Internal.ObjectResultExecutor|Executing ObjectResult, writing value Microsoft.AspNetCore.Mvc.ControllerContext. 
2020-05-21 23:28:25.1369|2|INFO|Microsoft.AspNetCore.Mvc.Internal.ControllerActionInvoker|Executed action uccApiCore2.Controllers.CategoryController.GetCategory (uccApiCore2) in 598.8109ms 
2020-05-21 23:28:25.1587|2|INFO|Microsoft.AspNetCore.Hosting.Internal.WebHost|Request finished in 837.8332ms 200 application/json; charset=utf-8 
2020-05-21 23:30:44.4756|1|INFO|Microsoft.AspNetCore.Hosting.Internal.WebHost|Request starting HTTP/1.1 OPTIONS http://localhost:5205/api/Category/GetCategory   
2020-05-21 23:30:44.7855|4|INFO|Microsoft.AspNetCore.Cors.Infrastructure.CorsService|Policy execution successful. 
2020-05-21 23:30:44.9244|2|INFO|Microsoft.AspNetCore.Hosting.Internal.WebHost|Request finished in 461.4002ms 204  
2020-05-21 23:30:45.9258|1|INFO|Microsoft.AspNetCore.Hosting.Internal.WebHost|Request starting HTTP/1.1 POST http://localhost:5205/api/Category/GetCategory application/json 12 
2020-05-21 23:30:46.0168|4|INFO|Microsoft.AspNetCore.Cors.Infrastructure.CorsService|Policy execution successful. 
2020-05-21 23:30:47.2484|1|INFO|Microsoft.AspNetCore.Mvc.Internal.ControllerActionInvoker|Executing action method uccApiCore2.Controllers.CategoryController.GetCategory (uccApiCore2) with arguments (uccApiCore2.Entities.Category) - ModelState is Valid 
2020-05-21 23:30:47.6968|1|INFO|Microsoft.AspNetCore.Mvc.Internal.ObjectResultExecutor|Executing ObjectResult, writing value Microsoft.AspNetCore.Mvc.ControllerContext. 
2020-05-21 23:30:47.7198|2|INFO|Microsoft.AspNetCore.Mvc.Internal.ControllerActionInvoker|Executed action uccApiCore2.Controllers.CategoryController.GetCategory (uccApiCore2) in 514.9885ms 
2020-05-21 23:30:47.8364|2|INFO|Microsoft.AspNetCore.Hosting.Internal.WebHost|Request finished in 2011.5601ms 200 application/json; charset=utf-8 
2020-05-21 23:50:16.0512||DEBUG|uccApiCore2.Program|init main 
2020-05-21 23:50:17.2255||INFO|Microsoft.AspNetCore.DataProtection.KeyManagement.XmlKeyManager|User profile is available. Using 'C:\Users\deepak raheja\AppData\Local\ASP.NET\DataProtection-Keys' as key repository and Windows DPAPI to encrypt keys at rest. 
2020-05-21 23:50:19.3336|1|INFO|Microsoft.AspNetCore.Hosting.Internal.WebHost|Request starting HTTP/1.1 OPTIONS http://localhost:5205/api/Category/GetCategory   
2020-05-21 23:50:19.6560|4|INFO|Microsoft.AspNetCore.Cors.Infrastructure.CorsService|Policy execution successful. 
2020-05-21 23:50:19.8544|2|INFO|Microsoft.AspNetCore.Hosting.Internal.WebHost|Request finished in 580.8303ms 204  
2020-05-21 23:50:19.8983|1|INFO|Microsoft.AspNetCore.Hosting.Internal.WebHost|Request starting HTTP/1.1 POST http://localhost:5205/api/Category/GetCategory application/json 12 
2020-05-21 23:50:19.8983|4|INFO|Microsoft.AspNetCore.Cors.Infrastructure.CorsService|Policy execution successful. 
2020-05-21 23:50:21.5031|1|INFO|Microsoft.AspNetCore.Mvc.Internal.ControllerActionInvoker|Executing action method uccApiCore2.Controllers.CategoryController.GetCategory (uccApiCore2) with arguments (uccApiCore2.Entities.Category) - ModelState is Valid 
2020-05-21 23:50:22.6989|1|INFO|Microsoft.AspNetCore.Mvc.Internal.ObjectResultExecutor|Executing ObjectResult, writing value Microsoft.AspNetCore.Mvc.ControllerContext. 
2020-05-21 23:50:22.9641|2|INFO|Microsoft.AspNetCore.Mvc.Internal.ControllerActionInvoker|Executed action uccApiCore2.Controllers.CategoryController.GetCategory (uccApiCore2) in 2239.2439ms 
2020-05-21 23:50:22.9946|2|INFO|Microsoft.AspNetCore.Hosting.Internal.WebHost|Request finished in 3096.3188ms 200 application/json; charset=utf-8 
2020-05-21 23:51:23.6487|1|INFO|Microsoft.AspNetCore.Hosting.Internal.WebHost|Request starting HTTP/1.1 OPTIONS http://localhost:5205/api/Category/GetCategory   
2020-05-21 23:51:23.6487|4|INFO|Microsoft.AspNetCore.Cors.Infrastructure.CorsService|Policy execution successful. 
2020-05-21 23:51:23.6487|2|INFO|Microsoft.AspNetCore.Hosting.Internal.WebHost|Request finished in 2.8075ms 204  
2020-05-21 23:51:23.6669|1|INFO|Microsoft.AspNetCore.Hosting.Internal.WebHost|Request starting HTTP/1.1 POST http://localhost:5205/api/Category/GetCategory application/json 12 
2020-05-21 23:51:23.6669|4|INFO|Microsoft.AspNetCore.Cors.Infrastructure.CorsService|Policy execution successful. 
2020-05-21 23:51:23.6747|1|INFO|Microsoft.AspNetCore.Mvc.Internal.ControllerActionInvoker|Executing action method uccApiCore2.Controllers.CategoryController.GetCategory (uccApiCore2) with arguments (uccApiCore2.Entities.Category) - ModelState is Valid 
2020-05-21 23:51:23.7033|1|INFO|Microsoft.AspNetCore.Mvc.Internal.ObjectResultExecutor|Executing ObjectResult, writing value Microsoft.AspNetCore.Mvc.ControllerContext. 
2020-05-21 23:51:23.7033|2|INFO|Microsoft.AspNetCore.Mvc.Internal.ControllerActionInvoker|Executed action uccApiCore2.Controllers.CategoryController.GetCategory (uccApiCore2) in 33.9999ms 
2020-05-21 23:51:23.7033|2|INFO|Microsoft.AspNetCore.Hosting.Internal.WebHost|Request finished in 39.1456ms 200 application/json; charset=utf-8 
2020-05-21 23:52:11.2340|1|INFO|Microsoft.AspNetCore.Hosting.Internal.WebHost|Request starting HTTP/1.1 OPTIONS http://localhost:5205/api/Category/GetCategory   
2020-05-21 23:52:11.2340|4|INFO|Microsoft.AspNetCore.Cors.Infrastructure.CorsService|Policy execution successful. 
2020-05-21 23:52:11.2340|2|INFO|Microsoft.AspNetCore.Hosting.Internal.WebHost|Request finished in 2.3523ms 204  
2020-05-21 23:52:11.2433|1|INFO|Microsoft.AspNetCore.Hosting.Internal.WebHost|Request starting HTTP/1.1 POST http://localhost:5205/api/Category/GetCategory application/json 12 
2020-05-21 23:52:11.2433|4|INFO|Microsoft.AspNetCore.Cors.Infrastructure.CorsService|Policy execution successful. 
2020-05-21 23:52:11.2433|1|INFO|Microsoft.AspNetCore.Mvc.Internal.ControllerActionInvoker|Executing action method uccApiCore2.Controllers.CategoryController.GetCategory (uccApiCore2) with arguments (uccApiCore2.Entities.Category) - ModelState is Valid 
2020-05-21 23:52:11.2523|1|INFO|Microsoft.AspNetCore.Mvc.Internal.ObjectResultExecutor|Executing ObjectResult, writing value Microsoft.AspNetCore.Mvc.ControllerContext. 
2020-05-21 23:52:11.2523|2|INFO|Microsoft.AspNetCore.Mvc.Internal.ControllerActionInvoker|Executed action uccApiCore2.Controllers.CategoryController.GetCategory (uccApiCore2) in 9.4809ms 
2020-05-21 23:52:11.2523|2|INFO|Microsoft.AspNetCore.Hosting.Internal.WebHost|Request finished in 12.1191ms 200 application/json; charset=utf-8 
2020-05-21 23:53:37.8750|1|INFO|Microsoft.AspNetCore.Hosting.Internal.WebHost|Request starting HTTP/1.1 OPTIONS http://localhost:5205/api/Category/GetCategory   
2020-05-21 23:53:37.8819|4|INFO|Microsoft.AspNetCore.Cors.Infrastructure.CorsService|Policy execution successful. 
2020-05-21 23:53:37.8819|2|INFO|Microsoft.AspNetCore.Hosting.Internal.WebHost|Request finished in 8.8948ms 204  
2020-05-21 23:53:37.8819|1|INFO|Microsoft.AspNetCore.Hosting.Internal.WebHost|Request starting HTTP/1.1 POST http://localhost:5205/api/Category/GetCategory application/json 12 
2020-05-21 23:53:37.8819|4|INFO|Microsoft.AspNetCore.Cors.Infrastructure.CorsService|Policy execution successful. 
2020-05-21 23:53:37.8989|1|INFO|Microsoft.AspNetCore.Mvc.Internal.ControllerActionInvoker|Executing action method uccApiCore2.Controllers.CategoryController.GetCategory (uccApiCore2) with arguments (uccApiCore2.Entities.Category) - ModelState is Valid 
2020-05-21 23:53:37.8989|1|INFO|Microsoft.AspNetCore.Mvc.Internal.ObjectResultExecutor|Executing ObjectResult, writing value Microsoft.AspNetCore.Mvc.ControllerContext. 
2020-05-21 23:53:37.8989|2|INFO|Microsoft.AspNetCore.Mvc.Internal.ControllerActionInvoker|Executed action uccApiCore2.Controllers.CategoryController.GetCategory (uccApiCore2) in 8.4695ms 
2020-05-21 23:53:37.8989|2|INFO|Microsoft.AspNetCore.Hosting.Internal.WebHost|Request finished in 16.0618ms 200 application/json; charset=utf-8 
2020-05-21 23:57:54.0124|1|INFO|Microsoft.AspNetCore.Hosting.Internal.WebHost|Request starting HTTP/1.1 OPTIONS http://localhost:5205/api/Category/GetCategory   
2020-05-21 23:57:54.0124|4|INFO|Microsoft.AspNetCore.Cors.Infrastructure.CorsService|Policy execution successful. 
2020-05-21 23:57:54.0124|2|INFO|Microsoft.AspNetCore.Hosting.Internal.WebHost|Request finished in 4.3154ms 204  
2020-05-21 23:57:54.0203|1|INFO|Microsoft.AspNetCore.Hosting.Internal.WebHost|Request starting HTTP/1.1 POST http://localhost:5205/api/Category/GetCategory application/json 12 
2020-05-21 23:57:54.0203|4|INFO|Microsoft.AspNetCore.Cors.Infrastructure.CorsService|Policy execution successful. 
2020-05-21 23:57:54.0203|1|INFO|Microsoft.AspNetCore.Mvc.Internal.ControllerActionInvoker|Executing action method uccApiCore2.Controllers.CategoryController.GetCategory (uccApiCore2) with arguments (uccApiCore2.Entities.Category) - ModelState is Valid 
2020-05-21 23:57:54.0203|1|INFO|Microsoft.AspNetCore.Mvc.Internal.ObjectResultExecutor|Executing ObjectResult, writing value Microsoft.AspNetCore.Mvc.ControllerContext. 
2020-05-21 23:57:54.0203|2|INFO|Microsoft.AspNetCore.Mvc.Internal.ControllerActionInvoker|Executed action uccApiCore2.Controllers.CategoryController.GetCategory (uccApiCore2) in 4.4751ms 
2020-05-21 23:57:54.0203|2|INFO|Microsoft.AspNetCore.Hosting.Internal.WebHost|Request finished in 6.7446ms 200 application/json; charset=utf-8 
